#
# A fatal error has been detected by the Java Runtime Environment:
#
#  SIGBUS (0xa) at pc=0x0000000109a094f0, pid=45426, tid=30215
#
# JRE version: OpenJDK Runtime Environment (18.0.1.1+2) (build 18.0.1.1+2-6)
# Java VM: OpenJDK 64-Bit Server VM (18.0.1.1+2-6, mixed mode, sharing, tiered, compressed oops, compressed class ptrs, g1 gc, bsd-aarch64)
# Problematic frame:
# v  ~StubRoutines::SafeFetchN
#
# No core dump will be written. Core dumps have been disabled. To enable core dumping, try "ulimit -c unlimited" before starting Java again
#
# If you would like to submit a bug report, please visit:
#   https://bugreport.java.com/bugreport/crash.jsp
# The crash happened outside the Java Virtual Machine in native code.
# See problematic frame for where to report the bug.
#

---------------  S U M M A R Y ------------

Command Line: -javaagent:/Applications/IntelliJ IDEA.app/Contents/lib/idea_rt.jar=55524:/Applications/IntelliJ IDEA.app/Contents/bin -Dfile.encoding=UTF-8 Main

Host: "MacBookPro18,3" arm64, 10 cores, 16G, Darwin 21.5.0, macOS 12.4 (21F79)
Time: Sat Jun  4 11:48:09 2022 +0430 elapsed time: 15.727524 seconds (0d 0h 0m 15s)

---------------  T H R E A D  ---------------

Current thread (0x000000012c11d200):  JavaThread "InvokeLaterDispatcher" daemon [_thread_in_native, id=30215, stack(0x0000000172c94000,0x0000000172e97000)]

Stack: [0x0000000172c94000,0x0000000172e97000],  sp=0x0000000172e96790,  free space=2057k
Native frames: (J=compiled Java code, j=interpreted, Vv=VM code, C=native code)
v  ~StubRoutines::SafeFetchN
V  [libjvm.dylib+0x7cdaa0]  _ZN10OopStorage7releaseEPKP7oopDesc+0x20
V  [libjvm.dylib+0x4f47ec]  jni_DeleteGlobalRef+0xd4
C  [libglass.dylib+0xab08]  -[GlassRunnable dealloc]+0x34
C  [Foundation+0x85318]  -[_NSThreadPerformInfo dealloc]+0x30
C  [Foundation+0x518ac]  -[NSObject(NSThreadPerformAdditions) performSelectorOnMainThread:withObject:waitUntilDone:]+0x88
C  0xbe1f800109a118ac
J 2398 c1 com.sun.glass.ui.mac.MacApplication.submitForLaterInvocation(Ljava/lang/Runnable;)V (6 bytes) @ 0x000000010a43bcd8 [0x000000010a43bc40+0x0000000000000098]
C  0x000000070e8181b8

Java frames: (J=compiled Java code, j=interpreted, Vv=VM code)
j  com.sun.glass.ui.mac.MacApplication._submitForLaterInvocation(Ljava/lang/Runnable;)V+0
J 2398 c1 com.sun.glass.ui.mac.MacApplication.submitForLaterInvocation(Ljava/lang/Runnable;)V (6 bytes) @ 0x000000010a43bcd8 [0x000000010a43bc40+0x0000000000000098]
j  com.sun.glass.ui.InvokeLaterDispatcher.run()V+82
v  ~StubRoutines::call_stub

siginfo: si_signo: 10 (SIGBUS), si_code: 1 (BUS_ADRALN), si_addr: 0x0000000109a094f0

Register to memory mapping:

 x0=0x000000013be094c8 is a global jni handle
 x1=0x0 is NULL
 x2=0x000000070f37ea40 is an oop: com.sun.glass.ui.InvokeLaterDispatcher$Future 
{0x000000070f37ea40} - klass: 'com/sun/glass/ui/InvokeLaterDispatcher$Future'
 - ---- fields (total size 3 words):
 - private 'done' 'Z' @12  true
 - private final 'runnable' 'Ljava/lang/Runnable;' @16  a 'com/sun/javafx/tk/quantum/QuantumToolkit$$Lambda$89+0x0000000800c80c20'{0x000000070e8261a8} (e1d04c35)
 - final synthetic 'this$0' 'Lcom/sun/glass/ui/InvokeLaterDispatcher;' @20  a 'com/sun/glass/ui/InvokeLaterDispatcher'{0x000000070e8181b8} (e1d03037)
 x3=0x0 is NULL
 x4=0x00000000000130a8 is an unknown value
 x5=0x0 is NULL
 x6=0x0 is NULL
 x7=0x0000000000000001 is an unknown value
 x8=0x0000000109a094ec is at begin+0 in a stub
StubRoutines::SafeFetchN [0x0000000109a094ec, 0x0000000109a094f8] (12 bytes)
 x9=0x0 is NULL
x10=0x2010000030300000 is an unknown value
x11=0x0000000000000007 is an unknown value
x12=0x0 is NULL
x13=0x00006000039ec6f0 points into unknown readable memory: 0x0000003b746e6f46 | 46 6f 6e 74 3b 00 00 00
x14=0x00000b0000000000 is an unknown value
x15=0x000000011bdc1f98: OBJC_CLASS_$_GlassRunnable+0 in /Users/cyberrose/.openjfx/cache/17.0.1/libglass.dylib at 0x000000011bd7c000
x16=0x00000001b04bf0fc: pthread_getspecific+0 in /usr/lib/system/libsystem_pthread.dylib at 0x00000001b04bd000
x17=0x0000600003cf64c0 points into unknown readable memory: 0xfffffffffffffffe | fe ff ff ff ff ff ff ff
x18=0x0 is NULL
x19=0x0000600003ce81c0 points into unknown readable memory: 0x00006000015e0120 | 20 01 5e 01 00 60 00 00
x20=0x000000013be092c0 points into unknown readable memory: 0x0000000209b00698 | 98 06 b0 09 02 00 00 00
x21=0x000000013be094c8 is a global jni handle
x22=0x000000012c11d200 is a thread
x23=0x0000000000000001 is an unknown value
x24=0x000000013be09480 is a global jni handle
x25=0x0000000101d9eca8: _ZN12StubRoutines17_safefetchN_entryE+0 in /Users/cyberrose/Library/Java/JavaVirtualMachines/openjdk-18.0.1.1/Contents/Home/lib/server/libjvm.dylib at 0x00000001011c0000
x26=0x0000000160568878 is pointing into metadata
x27=0x0 is NULL
x28=0x000000012c11d200 is a thread


Registers:
 x0=0x000000013be094c8  x1=0x0000000000000000  x2=0x000000070f37ea40  x3=0x0000000000000000
 x4=0x00000000000130a8  x5=0x0000000000000000  x6=0x0000000000000000  x7=0x0000000000000001
 x8=0x0000000109a094ec  x9=0x0000000000000000 x10=0x2010000030300000 x11=0x0000000000000007
x12=0x0000000000000000 x13=0x00006000039ec6f0 x14=0x00000b0000000000 x15=0x000000011bdc1f98
x16=0x00000001b04bf0fc x17=0x0000600003cf64c0 x18=0x0000000000000000 x19=0x0000600003ce81c0
x20=0x000000013be092c0 x21=0x000000013be094c8 x22=0x000000012c11d200 x23=0x0000000000000001
x24=0x000000013be09480 x25=0x0000000101d9eca8 x26=0x0000000160568878 x27=0x0000000000000000
x28=0x000000012c11d200  fp=0x0000000172e967d0  lr=0x000000010198c894  sp=0x0000000172e96790
pc=0x0000000109a094f0 cpsr=0x0000000060001000
Top of Stack: (sp=0x0000000172e96790)
0x0000000172e96790:   0000000160568878 0000000000000001
0x0000000172e967a0:   0000000172e96998 0000000000000000
0x0000000172e967b0:   000000012c11da90 000000013be094b0
0x0000000172e967c0:   000000013be094b0 0000600003ce81c0
0x0000000172e967d0:   0000000172e96810 000000010198daa0
0x0000000172e967e0:   0000000000000001 000000013be094b0
0x0000000172e967f0:   000000012c11da90 000000013be094b0
0x0000000172e96800:   0000000000000001 000000012c11d800
0x0000000172e96810:   0000000172e96850 00000001016b47ec
0x0000000172e96820:   0000000172e96998 0000600001520020
0x0000000172e96830:   0000600001520010 00000001fa77d30c
0x0000000172e96840:   0000000000000000 0000600001520010
0x0000000172e96850:   0000000172e96880 000000011bd86b08
0x0000000172e96860:   e7f41e856396001e 0000000000000000
0x0000000172e96870:   0000000000000000 0000600000228000
0x0000000172e96880:   0000000172e968c0 00000001b1494318
0x0000000172e96890:   0000000172e96998 0000600001520020
0x0000000172e968a0:   0000600001520010 e7f41e856396001e
0x0000000172e968b0:   0000000000000000 0000000000000000
0x0000000172e968c0:   0000000172e96900 113c0001b14608ac
0x0000000172e968d0:   0000000172e96998 0000000109a107c0
0x0000000172e968e0:   0000000000000000 0000000101da6760
0x0000000172e968f0:   0000000172e96910 0000000109a0f730
0x0000000172e96900:   0000000172e96970 be1f800109a118ac
0x0000000172e96910:   000000070e8243b8 0000000000000000
0x0000000172e96920:   0000000172e96920 0000000000000000
0x0000000172e96930:   0000000172e96998 0000000160568878
0x0000000172e96940:   000000070e8255f8 0000000000000000
0x0000000172e96950:   0000000000000000 0000000160547d58
0x0000000172e96960:   0000000000000000 0000000172e969a0
0x0000000172e96970:   0000000172e96a80 000000010a43bcd8
0x0000000172e96980:   0000000000000000 0000000000000000 

Instructions: (pc=0x0000000109a094f0)
0x0000000109a093f0:   f2a03ac9 f2c00029 6d425935 1e640886
0x0000000109a09400:   0c402d31 1e6408c7 1f5654d0 1e6c1017
0x0000000109a09410:   1f5050d0 1f504cd0 1f5048d0 1e650af6
0x0000000109a09420:   1f50d8f6 1f5694d6 1f5158f6 1e762880
0x0000000109a09430:   36000501 1e614000 14000026 2e251ca5
0x0000000109a09440:   d2963009 f2a03ac9 f2c00029 6d425d36
0x0000000109a09450:   1e600806 0c402d32 1f5758c7 1e6c101a
0x0000000109a09460:   1f4754c7 1e650805 1f4750c7 d2866668
0x0000000109a09470:   f2a7fa68 1f474cc7 1e6608c0 1f4748c7
0x0000000109a09480:   1e6e1019 eb08007f 540000ac 1f479400
0x0000000109a09490:   1f460340 1e603b20 1400000e d2a7fd29
0x0000000109a094a0:   eb09007f 540000ac 51480069 d3607d29
0x0000000109a094b0:   9e670121 14000002 1e6a5001 1f679417
0x0000000109a094c0:   1f668742 1e613b23 1e773857 1e773860
0x0000000109a094d0:   a8c17ff3 910003bf a8c17bfd d65f03c0
0x0000000109a094e0:   b9400001 aa0103e0 d65f03c0 f9400001
0x0000000109a094f0:   aa0103e0 d65f03c0 00000000 00000000
0x0000000109a09500:   00000000 00000000 00000000 00000000
0x0000000109a09510:   00000000 00000000 00000000 00000000
0x0000000109a09520:   00000000 00000000 00000000 00000000
0x0000000109a09530:   00000000 00000000 00000000 00000000
0x0000000109a09540:   00000000 00000000 00000000 00000000
0x0000000109a09550:   00000000 00000000 00000000 00000000
0x0000000109a09560:   00000000 00000000 00000000 00000000
0x0000000109a09570:   00000000 00000000 00000000 00000000
0x0000000109a09580:   00000000 00000000 00000000 00000000
0x0000000109a09590:   00000000 00000000 00000000 00000000
0x0000000109a095a0:   00000000 00000000 00000000 00000000
0x0000000109a095b0:   00000000 00000000 00000000 00000000
0x0000000109a095c0:   00000000 00000000 00000000 00000000
0x0000000109a095d0:   00000000 00000000 00000000 00000000
0x0000000109a095e0:   00000000 00000000 00000000 00000000 


Stack slot to memory mapping:
stack at sp + 0 slots: 0x0000000160568878 is pointing into metadata
stack at sp + 1 slots: 0x0000000000000001 is an unknown value
stack at sp + 2 slots: 0x0000000172e96998 is pointing into the stack for thread: 0x000000012c11d200
stack at sp + 3 slots: 0x0 is NULL
stack at sp + 4 slots: 0x000000012c11da90 points into unknown readable memory: 0x0000000101d5b378 | 78 b3 d5 01 01 00 00 00
stack at sp + 5 slots: 0x000000013be094b0 is a global jni handle
stack at sp + 6 slots: 0x000000013be094b0 is a global jni handle
stack at sp + 7 slots: 0x0000600003ce81c0 points into unknown readable memory: 0x00006000015e0120 | 20 01 5e 01 00 60 00 00

StubRoutines::SafeFetchN [0x0000000109a094ec, 0x0000000109a094f8] (12 bytes)
[MachCode]
  0x0000000109a094ec: 0100 40f9 | e003 01aa | c003 5fd6 
[/MachCode]

Compiled method (c1)   15738 2398       3       com.sun.glass.ui.mac.MacApplication::submitForLaterInvocation (6 bytes)
 total in heap  [0x000000010a43ba90,0x000000010a43be58] = 968
 relocation     [0x000000010a43bbe8,0x000000010a43bc20] = 56
 main code      [0x000000010a43bc40,0x000000010a43bd80] = 320
 stub code      [0x000000010a43bd80,0x000000010a43bdd8] = 88
 oops           [0x000000010a43bdd8,0x000000010a43bde0] = 8
 metadata       [0x000000010a43bde0,0x000000010a43bdf8] = 24
 scopes data    [0x000000010a43bdf8,0x000000010a43be10] = 24
 scopes pcs     [0x000000010a43be10,0x000000010a43be50] = 64
 dependencies   [0x000000010a43be50,0x000000010a43be58] = 8

[Constant Pool (empty)]

[MachCode]
[Entry Point]
  # {method} {0x0000000160547e00} 'submitForLaterInvocation' '(Ljava/lang/Runnable;)V' in 'com/sun/glass/ui/mac/MacApplication'
  # this:     c_rarg1:c_rarg1 
                        = 'com/sun/glass/ui/mac/MacApplication'
  # parm0:    c_rarg2:c_rarg2 
                        = 'java/lang/Runnable'
  #           [sp+0x40]  (sp of caller)
  0x000000010a43bc40: 2808 40b9 | 3f01 086b | c001 0054 

  0x000000010a43bc4c: ;   {runtime_call ic_miss_stub}
  0x000000010a43bc4c: 28b0 ffb0 | 0801 0091 | 0001 1fd6 | 1f20 03d5 | 1f20 03d5 | 1f20 03d5 | 1f20 03d5 | 1f20 03d5 
  0x000000010a43bc6c: 1f20 03d5 | 1f20 03d5 | 1f20 03d5 | 1f20 03d5 | 1f20 03d5 
[Verified Entry Point]
  0x000000010a43bc80: 1f20 03d5 | e953 40d1 | 3f01 00f9 | ff03 01d1 | fd7b 03a9 

  0x000000010a43bc94: ;   {metadata(method data for {method} {0x0000000160547e00} 'submitForLaterInvocation' '(Ljava/lang/Runnable;)V' in 'com/sun/glass/ui/mac/MacApplication')}
  0x000000010a43bc94: 0036 9ed2 | c017 acf2 | 2000 c0f2 | 03ac 40b9 | 6308 0011 | 03ac 00b9 | 6324 1f12 | 7f00 0071 
  0x000000010a43bcb4: e001 0054 | e003 01aa 

  0x000000010a43bcbc: ;   {metadata(method data for {method} {0x0000000160547e00} 'submitForLaterInvocation' '(Ljava/lang/Runnable;)V' in 'com/sun/glass/ui/mac/MacApplication')}
  0x000000010a43bcbc: 0336 9ed2 | c317 acf2 | 2300 c0f2 | 6878 40f9 | 0805 0091 | 6878 00f9 

  0x000000010a43bcd4: ; ImmutableOopMap {}
                      ;*invokevirtual _submitForLaterInvocation {reexecute=0 rethrow=0 return_oop=0}
                      ; - com.sun.glass.ui.mac.MacApplication::submitForLaterInvocation@2 (line 348)
                      ;   {optimized virtual_call}
  0x000000010a43bcd4: 2b00 0094 | fd7b 43a9 | ff03 0191 

  0x000000010a43bce0: ;   {poll_return}
  0x000000010a43bce0: 889f 41f9 | ff63 28eb | 8801 0054 | c003 5fd6 

  0x000000010a43bcf0: ;   {metadata({method} {0x0000000160547e00} 'submitForLaterInvocation' '(Ljava/lang/Runnable;)V' in 'com/sun/glass/ui/mac/MacApplication')}
  0x000000010a43bcf0: 08c0 8fd2 | 880a acf2 | 2800 c0f2 | e807 00f9 | 0800 8092 | e803 00f9 

  0x000000010a43bd08: ;   {runtime_call counter_overflow Runtime1 stub}
  0x000000010a43bd08: 08b6 ffd0 | 0801 3691 

  0x000000010a43bd10: ; ImmutableOopMap {c_rarg1=Oop c_rarg2=Oop }
                      ;*synchronization entry
                      ; - com.sun.glass.ui.mac.MacApplication::submitForLaterInvocation@-1 (line 348)
  0x000000010a43bd10: 0001 3fd6 | e9ff ff17 

  0x000000010a43bd18: ;   {internal_word}
  0x000000010a43bd18: 48fe ff10 | 88ab 01f9 

  0x000000010a43bd20: ;   {runtime_call SafepointBlob}
  0x000000010a43bd20: 48b0 fff0 | 0801 1891 | 0001 1fd6 | 1f20 03d5 | 1f20 03d5 | 80e7 41f9 | 9fe7 01f9 | 9feb 01f9 
  0x000000010a43bd40: fd7b 43a9 | ff03 0191 

  0x000000010a43bd48: ;   {runtime_call unwind_exception Runtime1 stub}
  0x000000010a43bd48: 68b1 ffd0 | 0801 1a91 | 0001 1fd6 | 0000 0000 | 0000 0000 | 0000 0000 | 0000 0000 | 0000 0000 
  0x000000010a43bd68: 0000 0000 | 0000 0000 | 0000 0000 | 0000 0000 | 0000 0000 | 0000 0000 
[Stub Code]
  0x000000010a43bd80: ;   {no_reloc}
  0x000000010a43bd80: df3f 03d5 

  0x000000010a43bd84: ;   {metadata({method} {0x0000000160547d58} '_submitForLaterInvocation' '(Ljava/lang/Runnable;)V' in 'com/sun/glass/ui/mac/MacApplication')}
  0x000000010a43bd84: 0cab 8fd2 | 8c0a acf2 | 2c00 c0f2 | 0859 8ad2 | 8834 a1f2 | 2800 c0f2 | 0001 1fd6 

  0x000000010a43bda0: ;   {trampoline_stub}
  0x000000010a43bda0: 4800 0058 | 0001 1fd6 | 80bd 430a | 0100 0000 
[Exception Handler]
  0x000000010a43bdb0: ;   {runtime_call handle_exception_from_callee Runtime1 stub}
  0x000000010a43bdb0: e8b5 ffd0 | 0801 3a91 | 0001 3fd6 | c1d5 bbd4 | 6150 be01 | 0100 0000 
[Deopt Handler Code]
  0x000000010a43bdc8: 1e00 0010 

  0x000000010a43bdcc: ;   {runtime_call DeoptimizationBlob}
  0x000000010a43bdcc: 48b0 fff0 | 0801 2591 | 0001 1fd6 
[/MachCode]


---------------  P R O C E S S  ---------------

Threads class SMR info:
_java_thread_list=0x000060000170cbc0, length=20, elements={
0x000000013c00d000, 0x000000013d016000, 0x000000011c00a800, 0x000000013c04de00,
0x000000013c04ce00, 0x000000013c04d400, 0x000000013c04e400, 0x000000013c04ea00,
0x000000013c04f000, 0x000000012c810800, 0x000000013c809800, 0x000000013c809000,
0x000000013c80b800, 0x000000012c0e4c00, 0x000000013c811000, 0x000000012c11d200,
0x000000012c11d800, 0x000000013d0eae00, 0x000000013c562c00, 0x000000012c1c8400
}

Java Threads: ( => current thread )
  0x000000013c00d000 JavaThread "main" [_thread_blocked, id=6403, stack(0x000000016fe74000,0x0000000170077000)]
  0x000000013d016000 JavaThread "Reference Handler" daemon [_thread_blocked, id=17155, stack(0x0000000170cc8000,0x0000000170ecb000)]
  0x000000011c00a800 JavaThread "Finalizer" daemon [_thread_blocked, id=15875, stack(0x0000000170ed4000,0x00000001710d7000)]
  0x000000013c04de00 JavaThread "Signal Dispatcher" daemon [_thread_blocked, id=42243, stack(0x00000001711f8000,0x00000001713fb000)]
  0x000000013c04ce00 JavaThread "Service Thread" daemon [_thread_blocked, id=41731, stack(0x0000000171404000,0x0000000171607000)]
  0x000000013c04d400 JavaThread "Monitor Deflation Thread" daemon [_thread_blocked, id=22787, stack(0x0000000171610000,0x0000000171813000)]
  0x000000013c04e400 JavaThread "C2 CompilerThread0" daemon [_thread_blocked, id=41219, stack(0x000000017181c000,0x0000000171a1f000)]
  0x000000013c04ea00 JavaThread "C1 CompilerThread0" daemon [_thread_blocked, id=23299, stack(0x0000000171a28000,0x0000000171c2b000)]
  0x000000013c04f000 JavaThread "Sweeper thread" daemon [_thread_blocked, id=40707, stack(0x0000000171c34000,0x0000000171e37000)]
  0x000000012c810800 JavaThread "Common-Cleaner" daemon [_thread_blocked, id=24067, stack(0x0000000171e40000,0x0000000172043000)]
  0x000000013c809800 JavaThread "Monitor Ctrl-Break" daemon [_thread_in_native, id=40451, stack(0x000000017204c000,0x000000017224f000)]
  0x000000013c809000 JavaThread "Notification Thread" daemon [_thread_blocked, id=24835, stack(0x0000000172258000,0x000000017245b000)]
  0x000000013c80b800 JavaThread "JavaFX-Launcher" [_thread_blocked, id=39427, stack(0x0000000172670000,0x0000000172873000)]
  0x000000012c0e4c00 JavaThread "QuantumRenderer-0" daemon [_thread_blocked, id=39171, stack(0x000000017287c000,0x0000000172a7f000)]
  0x000000013c811000 JavaThread "Attach Listener" daemon [_thread_blocked, id=25603, stack(0x0000000172a88000,0x0000000172c8b000)]
=>0x000000012c11d200 JavaThread "InvokeLaterDispatcher" daemon [_thread_in_native, id=30215, stack(0x0000000172c94000,0x0000000172e97000)]
  0x000000012c11d800 JavaThread "JavaFX Application Thread" [_thread_in_vm, id=259, stack(0x000000016f5ec000,0x000000016fde8000)]
  0x000000013d0eae00 JavaThread "Prism Font Disposer" daemon [_thread_blocked, id=68875, stack(0x0000000173c00000,0x0000000173e03000)]
  0x000000013c562c00 JavaThread "Cleaner-0" daemon [_thread_blocked, id=73223, stack(0x0000000173e0c000,0x000000017400f000)]
  0x000000012c1c8400 JavaThread "PulseTimer-CVDisplayLink thread" daemon [_thread_in_native, id=71087, stack(0x0000000172ea0000,0x0000000172f23000)]

Other Threads:
  0x0000000100e08480 VMThread "VM Thread" [stack: 0x0000000170abc000,0x0000000170cbf000] [id=17411]
  0x0000000100f05740 WatcherThread "VM Periodic Task Thread" [stack: 0x0000000172464000,0x0000000172667000] [id=39939]
  0x000000013be07750 WorkerThread "GC Thread#0" [stack: 0x0000000170080000,0x0000000170283000] [id=12547]
  0x0000000100f2b570 WorkerThread "GC Thread#1" [stack: 0x00000001731c4000,0x00000001733c7000] [id=78087]
  0x0000000100f2b810 WorkerThread "GC Thread#2" [stack: 0x00000001733d0000,0x00000001735d3000] [id=72707]
  0x0000000100f2bab0 WorkerThread "GC Thread#3" [stack: 0x00000001735dc000,0x00000001737df000] [id=72451]
  0x0000000100f2c140 WorkerThread "GC Thread#4" [stack: 0x00000001737e8000,0x00000001739eb000] [id=71939]
  0x0000000100f2c9a0 WorkerThread "GC Thread#5" [stack: 0x00000001739f4000,0x0000000173bf7000] [id=71427]
  0x000000013be07df0 ConcurrentGCThread "G1 Main Marker" [stack: 0x000000017028c000,0x000000017048f000] [id=19715]
  0x000000013be08660 WorkerThread "G1 Conc#0" [stack: 0x0000000170498000,0x000000017069b000] [id=18691]
  0x000000011bf10940 ConcurrentGCThread "G1 Refine#0" [stack: 0x00000001706a4000,0x00000001708a7000] [id=12803]
  0x0000000100e04080 ConcurrentGCThread "G1 Service" [stack: 0x00000001708b0000,0x0000000170ab3000] [id=13059]

Threads with active compile tasks:

VM state: not at safepoint (normal execution)

VM Mutex/Monitor currently owned by a thread: None

Heap address: 0x0000000700000000, size: 4096 MB, Compressed Oops mode: Zero based, Oop shift amount: 3

CDS archive(s) mapped at: [0x0000000800000000-0x0000000800ba8000-0x0000000800ba8000), size 12222464, SharedBaseAddress: 0x0000000800000000, ArchiveRelocationMode: 0.
Compressed class space mapped at: 0x0000000800c00000-0x0000000840c00000, reserved size: 1073741824
Narrow klass base: 0x0000000800000000, Narrow klass shift: 0, Narrow klass range: 0x100000000

GC Precious Log:
 CardTable entry size: 512
 Card Set container configuration: InlinePtr #cards 4 size 8 Array Of Cards #cards 16 size 48 Howl #buckets 8 coarsen threshold 3686 Howl Bitmap #cards 512 size 80 coarsen threshold 460 Card regions per heap region 1 cards per card region 4096
 CPUs: 10 total, 10 available
 Memory: 16384M
 Large Page Support: Disabled
 NUMA Support: Disabled
 Compressed Oops: Enabled (Zero based)
 Heap Region Size: 2M
 Heap Min Capacity: 8M
 Heap Initial Capacity: 256M
 Heap Max Capacity: 4G
 Pre-touch: Disabled
 Parallel Workers: 9
 Concurrent Workers: 2
 Concurrent Refinement Workers: 9
 Periodic GC: Disabled

Heap:
 garbage-first heap   total 266240K, used 27401K [0x0000000700000000, 0x0000000800000000)
  region size 2048K, 13 young (26624K), 2 survivors (4096K)
 Metaspace       used 14454K, committed 14720K, reserved 1114112K
  class space    used 1936K, committed 2048K, reserved 1048576K

Heap Regions: E=young(eden), S=young(survivor), O=old, HS=humongous(starts), HC=humongous(continues), CS=collection set, F=free, OA=open archive, CA=closed archive, TAMS=top-at-mark-start (previous, next)
|   0|0x0000000700000000, 0x00000007000da600, 0x0000000700200000| 42%| O|  |TAMS 0x0000000700000000, 0x0000000700000000| Untracked 
|   1|0x0000000700200000, 0x0000000700400000, 0x0000000700400000|100%|HS|  |TAMS 0x0000000700200000, 0x0000000700200000| Complete 
|   2|0x0000000700400000, 0x0000000700400000, 0x0000000700600000|  0%| F|  |TAMS 0x0000000700400000, 0x0000000700400000| Untracked 
|   3|0x0000000700600000, 0x0000000700600000, 0x0000000700800000|  0%| F|  |TAMS 0x0000000700600000, 0x0000000700600000| Untracked 
|   4|0x0000000700800000, 0x0000000700800000, 0x0000000700a00000|  0%| F|  |TAMS 0x0000000700800000, 0x0000000700800000| Untracked 
|   5|0x0000000700a00000, 0x0000000700a00000, 0x0000000700c00000|  0%| F|  |TAMS 0x0000000700a00000, 0x0000000700a00000| Untracked 
|   6|0x0000000700c00000, 0x0000000700c00000, 0x0000000700e00000|  0%| F|  |TAMS 0x0000000700c00000, 0x0000000700c00000| Untracked 
|   7|0x0000000700e00000, 0x0000000700e00000, 0x0000000701000000|  0%| F|  |TAMS 0x0000000700e00000, 0x0000000700e00000| Untracked 
|   8|0x0000000701000000, 0x0000000701000000, 0x0000000701200000|  0%| F|  |TAMS 0x0000000701000000, 0x0000000701000000| Untracked 
|   9|0x0000000701200000, 0x0000000701200000, 0x0000000701400000|  0%| F|  |TAMS 0x0000000701200000, 0x0000000701200000| Untracked 
|  10|0x0000000701400000, 0x0000000701400000, 0x0000000701600000|  0%| F|  |TAMS 0x0000000701400000, 0x0000000701400000| Untracked 
|  11|0x0000000701600000, 0x0000000701600000, 0x0000000701800000|  0%| F|  |TAMS 0x0000000701600000, 0x0000000701600000| Untracked 
|  12|0x0000000701800000, 0x0000000701800000, 0x0000000701a00000|  0%| F|  |TAMS 0x0000000701800000, 0x0000000701800000| Untracked 
|  13|0x0000000701a00000, 0x0000000701a00000, 0x0000000701c00000|  0%| F|  |TAMS 0x0000000701a00000, 0x0000000701a00000| Untracked 
|  14|0x0000000701c00000, 0x0000000701c00000, 0x0000000701e00000|  0%| F|  |TAMS 0x0000000701c00000, 0x0000000701c00000| Untracked 
|  15|0x0000000701e00000, 0x0000000701e00000, 0x0000000702000000|  0%| F|  |TAMS 0x0000000701e00000, 0x0000000701e00000| Untracked 
|  16|0x0000000702000000, 0x0000000702000000, 0x0000000702200000|  0%| F|  |TAMS 0x0000000702000000, 0x0000000702000000| Untracked 
|  17|0x0000000702200000, 0x0000000702200000, 0x0000000702400000|  0%| F|  |TAMS 0x0000000702200000, 0x0000000702200000| Untracked 
|  18|0x0000000702400000, 0x0000000702400000, 0x0000000702600000|  0%| F|  |TAMS 0x0000000702400000, 0x0000000702400000| Untracked 
|  19|0x0000000702600000, 0x0000000702600000, 0x0000000702800000|  0%| F|  |TAMS 0x0000000702600000, 0x0000000702600000| Untracked 
|  20|0x0000000702800000, 0x0000000702800000, 0x0000000702a00000|  0%| F|  |TAMS 0x0000000702800000, 0x0000000702800000| Untracked 
|  21|0x0000000702a00000, 0x0000000702a00000, 0x0000000702c00000|  0%| F|  |TAMS 0x0000000702a00000, 0x0000000702a00000| Untracked 
|  22|0x0000000702c00000, 0x0000000702c00000, 0x0000000702e00000|  0%| F|  |TAMS 0x0000000702c00000, 0x0000000702c00000| Untracked 
|  23|0x0000000702e00000, 0x0000000702e00000, 0x0000000703000000|  0%| F|  |TAMS 0x0000000702e00000, 0x0000000702e00000| Untracked 
|  24|0x0000000703000000, 0x0000000703000000, 0x0000000703200000|  0%| F|  |TAMS 0x0000000703000000, 0x0000000703000000| Untracked 
|  25|0x0000000703200000, 0x0000000703200000, 0x0000000703400000|  0%| F|  |TAMS 0x0000000703200000, 0x0000000703200000| Untracked 
|  26|0x0000000703400000, 0x0000000703400000, 0x0000000703600000|  0%| F|  |TAMS 0x0000000703400000, 0x0000000703400000| Untracked 
|  27|0x0000000703600000, 0x0000000703600000, 0x0000000703800000|  0%| F|  |TAMS 0x0000000703600000, 0x0000000703600000| Untracked 
|  28|0x0000000703800000, 0x0000000703800000, 0x0000000703a00000|  0%| F|  |TAMS 0x0000000703800000, 0x0000000703800000| Untracked 
|  29|0x0000000703a00000, 0x0000000703a00000, 0x0000000703c00000|  0%| F|  |TAMS 0x0000000703a00000, 0x0000000703a00000| Untracked 
|  30|0x0000000703c00000, 0x0000000703c00000, 0x0000000703e00000|  0%| F|  |TAMS 0x0000000703c00000, 0x0000000703c00000| Untracked 
|  31|0x0000000703e00000, 0x0000000703e00000, 0x0000000704000000|  0%| F|  |TAMS 0x0000000703e00000, 0x0000000703e00000| Untracked 
|  32|0x0000000704000000, 0x0000000704000000, 0x0000000704200000|  0%| F|  |TAMS 0x0000000704000000, 0x0000000704000000| Untracked 
|  33|0x0000000704200000, 0x0000000704200000, 0x0000000704400000|  0%| F|  |TAMS 0x0000000704200000, 0x0000000704200000| Untracked 
|  34|0x0000000704400000, 0x0000000704400000, 0x0000000704600000|  0%| F|  |TAMS 0x0000000704400000, 0x0000000704400000| Untracked 
|  35|0x0000000704600000, 0x0000000704600000, 0x0000000704800000|  0%| F|  |TAMS 0x0000000704600000, 0x0000000704600000| Untracked 
|  36|0x0000000704800000, 0x0000000704800000, 0x0000000704a00000|  0%| F|  |TAMS 0x0000000704800000, 0x0000000704800000| Untracked 
|  37|0x0000000704a00000, 0x0000000704a00000, 0x0000000704c00000|  0%| F|  |TAMS 0x0000000704a00000, 0x0000000704a00000| Untracked 
|  38|0x0000000704c00000, 0x0000000704c00000, 0x0000000704e00000|  0%| F|  |TAMS 0x0000000704c00000, 0x0000000704c00000| Untracked 
|  39|0x0000000704e00000, 0x0000000704e00000, 0x0000000705000000|  0%| F|  |TAMS 0x0000000704e00000, 0x0000000704e00000| Untracked 
|  40|0x0000000705000000, 0x0000000705000000, 0x0000000705200000|  0%| F|  |TAMS 0x0000000705000000, 0x0000000705000000| Untracked 
|  41|0x0000000705200000, 0x0000000705200000, 0x0000000705400000|  0%| F|  |TAMS 0x0000000705200000, 0x0000000705200000| Untracked 
|  42|0x0000000705400000, 0x0000000705400000, 0x0000000705600000|  0%| F|  |TAMS 0x0000000705400000, 0x0000000705400000| Untracked 
|  43|0x0000000705600000, 0x0000000705600000, 0x0000000705800000|  0%| F|  |TAMS 0x0000000705600000, 0x0000000705600000| Untracked 
|  44|0x0000000705800000, 0x0000000705800000, 0x0000000705a00000|  0%| F|  |TAMS 0x0000000705800000, 0x0000000705800000| Untracked 
|  45|0x0000000705a00000, 0x0000000705a00000, 0x0000000705c00000|  0%| F|  |TAMS 0x0000000705a00000, 0x0000000705a00000| Untracked 
|  46|0x0000000705c00000, 0x0000000705c00000, 0x0000000705e00000|  0%| F|  |TAMS 0x0000000705c00000, 0x0000000705c00000| Untracked 
|  47|0x0000000705e00000, 0x0000000705e00000, 0x0000000706000000|  0%| F|  |TAMS 0x0000000705e00000, 0x0000000705e00000| Untracked 
|  48|0x0000000706000000, 0x0000000706000000, 0x0000000706200000|  0%| F|  |TAMS 0x0000000706000000, 0x0000000706000000| Untracked 
|  49|0x0000000706200000, 0x0000000706200000, 0x0000000706400000|  0%| F|  |TAMS 0x0000000706200000, 0x0000000706200000| Untracked 
|  50|0x0000000706400000, 0x0000000706400000, 0x0000000706600000|  0%| F|  |TAMS 0x0000000706400000, 0x0000000706400000| Untracked 
|  51|0x0000000706600000, 0x0000000706600000, 0x0000000706800000|  0%| F|  |TAMS 0x0000000706600000, 0x0000000706600000| Untracked 
|  52|0x0000000706800000, 0x0000000706800000, 0x0000000706a00000|  0%| F|  |TAMS 0x0000000706800000, 0x0000000706800000| Untracked 
|  53|0x0000000706a00000, 0x0000000706a00000, 0x0000000706c00000|  0%| F|  |TAMS 0x0000000706a00000, 0x0000000706a00000| Untracked 
|  54|0x0000000706c00000, 0x0000000706c00000, 0x0000000706e00000|  0%| F|  |TAMS 0x0000000706c00000, 0x0000000706c00000| Untracked 
|  55|0x0000000706e00000, 0x0000000706e00000, 0x0000000707000000|  0%| F|  |TAMS 0x0000000706e00000, 0x0000000706e00000| Untracked 
|  56|0x0000000707000000, 0x0000000707000000, 0x0000000707200000|  0%| F|  |TAMS 0x0000000707000000, 0x0000000707000000| Untracked 
|  57|0x0000000707200000, 0x0000000707200000, 0x0000000707400000|  0%| F|  |TAMS 0x0000000707200000, 0x0000000707200000| Untracked 
|  58|0x0000000707400000, 0x0000000707400000, 0x0000000707600000|  0%| F|  |TAMS 0x0000000707400000, 0x0000000707400000| Untracked 
|  59|0x0000000707600000, 0x0000000707600000, 0x0000000707800000|  0%| F|  |TAMS 0x0000000707600000, 0x0000000707600000| Untracked 
|  60|0x0000000707800000, 0x0000000707800000, 0x0000000707a00000|  0%| F|  |TAMS 0x0000000707800000, 0x0000000707800000| Untracked 
|  61|0x0000000707a00000, 0x0000000707a00000, 0x0000000707c00000|  0%| F|  |TAMS 0x0000000707a00000, 0x0000000707a00000| Untracked 
|  62|0x0000000707c00000, 0x0000000707c00000, 0x0000000707e00000|  0%| F|  |TAMS 0x0000000707c00000, 0x0000000707c00000| Untracked 
|  63|0x0000000707e00000, 0x0000000707e00000, 0x0000000708000000|  0%| F|  |TAMS 0x0000000707e00000, 0x0000000707e00000| Untracked 
|  64|0x0000000708000000, 0x0000000708000000, 0x0000000708200000|  0%| F|  |TAMS 0x0000000708000000, 0x0000000708000000| Untracked 
|  65|0x0000000708200000, 0x0000000708200000, 0x0000000708400000|  0%| F|  |TAMS 0x0000000708200000, 0x0000000708200000| Untracked 
|  66|0x0000000708400000, 0x0000000708400000, 0x0000000708600000|  0%| F|  |TAMS 0x0000000708400000, 0x0000000708400000| Untracked 
|  67|0x0000000708600000, 0x0000000708600000, 0x0000000708800000|  0%| F|  |TAMS 0x0000000708600000, 0x0000000708600000| Untracked 
|  68|0x0000000708800000, 0x0000000708800000, 0x0000000708a00000|  0%| F|  |TAMS 0x0000000708800000, 0x0000000708800000| Untracked 
|  69|0x0000000708a00000, 0x0000000708a00000, 0x0000000708c00000|  0%| F|  |TAMS 0x0000000708a00000, 0x0000000708a00000| Untracked 
|  70|0x0000000708c00000, 0x0000000708c00000, 0x0000000708e00000|  0%| F|  |TAMS 0x0000000708c00000, 0x0000000708c00000| Untracked 
|  71|0x0000000708e00000, 0x0000000708e00000, 0x0000000709000000|  0%| F|  |TAMS 0x0000000708e00000, 0x0000000708e00000| Untracked 
|  72|0x0000000709000000, 0x0000000709000000, 0x0000000709200000|  0%| F|  |TAMS 0x0000000709000000, 0x0000000709000000| Untracked 
|  73|0x0000000709200000, 0x0000000709200000, 0x0000000709400000|  0%| F|  |TAMS 0x0000000709200000, 0x0000000709200000| Untracked 
|  74|0x0000000709400000, 0x0000000709400000, 0x0000000709600000|  0%| F|  |TAMS 0x0000000709400000, 0x0000000709400000| Untracked 
|  75|0x0000000709600000, 0x0000000709600000, 0x0000000709800000|  0%| F|  |TAMS 0x0000000709600000, 0x0000000709600000| Untracked 
|  76|0x0000000709800000, 0x0000000709800000, 0x0000000709a00000|  0%| F|  |TAMS 0x0000000709800000, 0x0000000709800000| Untracked 
|  77|0x0000000709a00000, 0x0000000709a00000, 0x0000000709c00000|  0%| F|  |TAMS 0x0000000709a00000, 0x0000000709a00000| Untracked 
|  78|0x0000000709c00000, 0x0000000709c00000, 0x0000000709e00000|  0%| F|  |TAMS 0x0000000709c00000, 0x0000000709c00000| Untracked 
|  79|0x0000000709e00000, 0x0000000709e00000, 0x000000070a000000|  0%| F|  |TAMS 0x0000000709e00000, 0x0000000709e00000| Untracked 
|  80|0x000000070a000000, 0x000000070a000000, 0x000000070a200000|  0%| F|  |TAMS 0x000000070a000000, 0x000000070a000000| Untracked 
|  81|0x000000070a200000, 0x000000070a200000, 0x000000070a400000|  0%| F|  |TAMS 0x000000070a200000, 0x000000070a200000| Untracked 
|  82|0x000000070a400000, 0x000000070a400000, 0x000000070a600000|  0%| F|  |TAMS 0x000000070a400000, 0x000000070a400000| Untracked 
|  83|0x000000070a600000, 0x000000070a600000, 0x000000070a800000|  0%| F|  |TAMS 0x000000070a600000, 0x000000070a600000| Untracked 
|  84|0x000000070a800000, 0x000000070a800000, 0x000000070aa00000|  0%| F|  |TAMS 0x000000070a800000, 0x000000070a800000| Untracked 
|  85|0x000000070aa00000, 0x000000070aa00000, 0x000000070ac00000|  0%| F|  |TAMS 0x000000070aa00000, 0x000000070aa00000| Untracked 
|  86|0x000000070ac00000, 0x000000070ac00000, 0x000000070ae00000|  0%| F|  |TAMS 0x000000070ac00000, 0x000000070ac00000| Untracked 
|  87|0x000000070ae00000, 0x000000070ae00000, 0x000000070b000000|  0%| F|  |TAMS 0x000000070ae00000, 0x000000070ae00000| Untracked 
|  88|0x000000070b000000, 0x000000070b000000, 0x000000070b200000|  0%| F|  |TAMS 0x000000070b000000, 0x000000070b000000| Untracked 
|  89|0x000000070b200000, 0x000000070b200000, 0x000000070b400000|  0%| F|  |TAMS 0x000000070b200000, 0x000000070b200000| Untracked 
|  90|0x000000070b400000, 0x000000070b400000, 0x000000070b600000|  0%| F|  |TAMS 0x000000070b400000, 0x000000070b400000| Untracked 
|  91|0x000000070b600000, 0x000000070b600000, 0x000000070b800000|  0%| F|  |TAMS 0x000000070b600000, 0x000000070b600000| Untracked 
|  92|0x000000070b800000, 0x000000070b800000, 0x000000070ba00000|  0%| F|  |TAMS 0x000000070b800000, 0x000000070b800000| Untracked 
|  93|0x000000070ba00000, 0x000000070ba00000, 0x000000070bc00000|  0%| F|  |TAMS 0x000000070ba00000, 0x000000070ba00000| Untracked 
|  94|0x000000070bc00000, 0x000000070bc00000, 0x000000070be00000|  0%| F|  |TAMS 0x000000070bc00000, 0x000000070bc00000| Untracked 
|  95|0x000000070be00000, 0x000000070be00000, 0x000000070c000000|  0%| F|  |TAMS 0x000000070be00000, 0x000000070be00000| Untracked 
|  96|0x000000070c000000, 0x000000070c000000, 0x000000070c200000|  0%| F|  |TAMS 0x000000070c000000, 0x000000070c000000| Untracked 
|  97|0x000000070c200000, 0x000000070c200000, 0x000000070c400000|  0%| F|  |TAMS 0x000000070c200000, 0x000000070c200000| Untracked 
|  98|0x000000070c400000, 0x000000070c400000, 0x000000070c600000|  0%| F|  |TAMS 0x000000070c400000, 0x000000070c400000| Untracked 
|  99|0x000000070c600000, 0x000000070c600000, 0x000000070c800000|  0%| F|  |TAMS 0x000000070c600000, 0x000000070c600000| Untracked 
| 100|0x000000070c800000, 0x000000070c800000, 0x000000070ca00000|  0%| F|  |TAMS 0x000000070c800000, 0x000000070c800000| Untracked 
| 101|0x000000070ca00000, 0x000000070ca00000, 0x000000070cc00000|  0%| F|  |TAMS 0x000000070ca00000, 0x000000070ca00000| Untracked 
| 102|0x000000070cc00000, 0x000000070cc00000, 0x000000070ce00000|  0%| F|  |TAMS 0x000000070cc00000, 0x000000070cc00000| Untracked 
| 103|0x000000070ce00000, 0x000000070ce00000, 0x000000070d000000|  0%| F|  |TAMS 0x000000070ce00000, 0x000000070ce00000| Untracked 
| 104|0x000000070d000000, 0x000000070d000000, 0x000000070d200000|  0%| F|  |TAMS 0x000000070d000000, 0x000000070d000000| Untracked 
| 105|0x000000070d200000, 0x000000070d200000, 0x000000070d400000|  0%| F|  |TAMS 0x000000070d200000, 0x000000070d200000| Untracked 
| 106|0x000000070d400000, 0x000000070d400000, 0x000000070d600000|  0%| F|  |TAMS 0x000000070d400000, 0x000000070d400000| Untracked 
| 107|0x000000070d600000, 0x000000070d600000, 0x000000070d800000|  0%| F|  |TAMS 0x000000070d600000, 0x000000070d600000| Untracked 
| 108|0x000000070d800000, 0x000000070d800000, 0x000000070da00000|  0%| F|  |TAMS 0x000000070d800000, 0x000000070d800000| Untracked 
| 109|0x000000070da00000, 0x000000070da00000, 0x000000070dc00000|  0%| F|  |TAMS 0x000000070da00000, 0x000000070da00000| Untracked 
| 110|0x000000070dc00000, 0x000000070dc00000, 0x000000070de00000|  0%| F|  |TAMS 0x000000070dc00000, 0x000000070dc00000| Untracked 
| 111|0x000000070de00000, 0x000000070de00000, 0x000000070e000000|  0%| F|  |TAMS 0x000000070de00000, 0x000000070de00000| Untracked 
| 112|0x000000070e000000, 0x000000070e000000, 0x000000070e200000|  0%| F|  |TAMS 0x000000070e000000, 0x000000070e000000| Untracked 
| 113|0x000000070e200000, 0x000000070e200000, 0x000000070e400000|  0%| F|  |TAMS 0x000000070e200000, 0x000000070e200000| Untracked 
| 114|0x000000070e400000, 0x000000070e400000, 0x000000070e600000|  0%| F|  |TAMS 0x000000070e400000, 0x000000070e400000| Untracked 
| 115|0x000000070e600000, 0x000000070e800000, 0x000000070e800000|100%| S|CS|TAMS 0x000000070e600000, 0x000000070e600000| Complete 
| 116|0x000000070e800000, 0x000000070ea00000, 0x000000070ea00000|100%| S|CS|TAMS 0x000000070e800000, 0x000000070e800000| Complete 
| 117|0x000000070ea00000, 0x000000070ebff390, 0x000000070ec00000| 99%| E|  |TAMS 0x000000070ea00000, 0x000000070ea00000| Complete 
| 118|0x000000070ec00000, 0x000000070ee00000, 0x000000070ee00000|100%| E|CS|TAMS 0x000000070ec00000, 0x000000070ec00000| Complete 
| 119|0x000000070ee00000, 0x000000070f000000, 0x000000070f000000|100%| E|CS|TAMS 0x000000070ee00000, 0x000000070ee00000| Complete 
| 120|0x000000070f000000, 0x000000070f200000, 0x000000070f200000|100%| E|CS|TAMS 0x000000070f000000, 0x000000070f000000| Complete 
| 121|0x000000070f200000, 0x000000070f400000, 0x000000070f400000|100%| E|CS|TAMS 0x000000070f200000, 0x000000070f200000| Complete 
| 122|0x000000070f400000, 0x000000070f600000, 0x000000070f600000|100%| E|CS|TAMS 0x000000070f400000, 0x000000070f400000| Complete 
| 123|0x000000070f600000, 0x000000070f800000, 0x000000070f800000|100%| E|CS|TAMS 0x000000070f600000, 0x000000070f600000| Complete 
| 124|0x000000070f800000, 0x000000070fa00000, 0x000000070fa00000|100%| E|CS|TAMS 0x000000070f800000, 0x000000070f800000| Complete 
| 125|0x000000070fa00000, 0x000000070fc00000, 0x000000070fc00000|100%| E|  |TAMS 0x000000070fa00000, 0x000000070fa00000| Complete 
| 126|0x000000070fc00000, 0x000000070fe00000, 0x000000070fe00000|100%| E|CS|TAMS 0x000000070fc00000, 0x000000070fc00000| Complete 
| 127|0x000000070fe00000, 0x0000000710000000, 0x0000000710000000|100%| E|CS|TAMS 0x000000070fe00000, 0x000000070fe00000| Complete 
|2046|0x00000007ffc00000, 0x00000007ffd74000, 0x00000007ffe00000| 72%|OA|  |TAMS 0x00000007ffc00000, 0x00000007ffc00000| Untracked 
|2047|0x00000007ffe00000, 0x00000007ffe74000, 0x0000000800000000| 22%|CA|  |TAMS 0x00000007ffe00000, 0x00000007ffe00000| Untracked 

Card table byte_map: [0x0000000118a08000,0x0000000119208000] _byte_map_base: 0x0000000115208000

Marking Bits (Prev, Next): (CMBitMap*) 0x000000013c03c810, (CMBitMap*) 0x000000013c03c850
 Prev Bits: [0x0000000148000000, 0x000000014c000000)
 Next Bits: [0x000000014c000000, 0x0000000150000000)

Polling page: 0x000000010007c000

Metaspace:

Usage:
  Non-class:     12.22 MB used.
      Class:      1.89 MB used.
       Both:     14.12 MB used.

Virtual space:
  Non-class space:       64.00 MB reserved,      12.38 MB ( 19%) committed,  1 nodes.
      Class space:        1.00 GB reserved,       2.00 MB ( <1%) committed,  1 nodes.
             Both:        1.06 GB reserved,      14.38 MB (  1%) committed. 

Chunk freelists:
   Non-Class:  3.55 MB
       Class:  1.97 MB
        Both:  5.51 MB

MaxMetaspaceSize: unlimited
CompressedClassSpaceSize: 1.00 GB
Initial GC threshold: 21.00 MB
Current GC threshold: 21.00 MB
CDS: on
MetaspaceReclaimPolicy: balanced
 - commit_granule_bytes: 65536.
 - commit_granule_words: 8192.
 - virtual_space_node_default_size: 8388608.
 - enlarge_chunks_in_place: 1.
 - new_chunks_are_fully_committed: 0.
 - uncommit_free_chunks: 1.
 - use_allocation_guard: 0.


Internal statistics:

num_allocs_failed_limit: 0.
num_arena_births: 280.
num_arena_deaths: 0.
num_vsnodes_births: 2.
num_vsnodes_deaths: 0.
num_space_committed: 230.
num_space_uncommitted: 0.
num_chunks_returned_to_freelist: 0.
num_chunks_taken_from_freelist: 729.
num_chunk_merges: 0.
num_chunk_splits: 514.
num_chunks_enlarged: 396.
num_inconsistent_stats: 0.

CodeHeap 'non-profiled nmethods': size=120032Kb used=1096Kb max_used=1096Kb free=118935Kb
 bounds [0x00000001114d0000, 0x0000000111740000, 0x0000000118a08000]
CodeHeap 'profiled nmethods': size=120016Kb used=4946Kb max_used=4946Kb free=115069Kb
 bounds [0x0000000109f9c000, 0x000000010a47c000, 0x00000001114d0000]
CodeHeap 'non-nmethods': size=5712Kb used=1402Kb max_used=1478Kb free=4309Kb
 bounds [0x0000000109a08000, 0x0000000109c78000, 0x0000000109f9c000]
 total_blobs=3231 nmethods=2454 adapters=693
 compilation: enabled
              stopped_count=0, restarted_count=0
 full_count=0

Compilation events (20 events):
Event: 15.710 Thread 0x000000013c04ea00 nmethod 2481 0x000000010a46a410 code [0x000000010a46a5c0, 0x000000010a46a858]
Event: 15.712 Thread 0x000000013c04ea00 2484       3       com.sun.prism.es2.BufferFactory::isDirect (131 bytes)
Event: 15.713 Thread 0x000000013c04ea00 nmethod 2484 0x000000010a46a990 code [0x000000010a46ad80, 0x000000010a46c6e8]
Event: 15.713 Thread 0x000000013c04ea00 2485       3       com.sun.prism.impl.ps.BaseShaderGraphics::setPaint (47 bytes)
Event: 15.713 Thread 0x000000013c04ea00 nmethod 2485 0x000000010a46cb90 code [0x000000010a46cd80, 0x000000010a46d298]
Event: 15.713 Thread 0x000000013c04ea00 2486       3       com.sun.prism.impl.BaseGraphics::setPaint (10 bytes)
Event: 15.713 Thread 0x000000013c04ea00 nmethod 2486 0x000000010a46d410 code [0x000000010a46d5c0, 0x000000010a46d798]
Event: 15.713 Thread 0x000000013c04ea00 2487       3       com.sun.prism.es2.GLContext::scissorTest (15 bytes)
Event: 15.713 Thread 0x000000013c04ea00 nmethod 2487 0x000000010a46d890 code [0x000000010a46da40, 0x000000010a46dbd8]
Event: 15.714 Thread 0x000000013c04ea00 2489       3       jdk.internal.misc.Unsafe::checkPrimitivePointer (19 bytes)
Event: 15.715 Thread 0x000000013c04ea00 nmethod 2489 0x000000010a46dc90 code [0x000000010a46dec0, 0x000000010a46e538]
Event: 15.715 Thread 0x000000013c04ea00 2490       3       jdk.internal.misc.Unsafe::checkPointer (19 bytes)
Event: 15.715 Thread 0x000000013c04ea00 nmethod 2490 0x000000010a46e810 code [0x000000010a46ea00, 0x000000010a46edd8]
Event: 15.715 Thread 0x000000013c04ea00 2491       3       com.sun.prism.impl.ps.BaseShaderGraphics::len (39 bytes)
Event: 15.715 Thread 0x000000013c04ea00 nmethod 2491 0x000000010a46ef90 code [0x000000010a46f180, 0x000000010a46f4e8]
Event: 15.715 Thread 0x000000013c04ea00 2492       3       java.lang.Math::signum (23 bytes)
Event: 15.715 Thread 0x000000013c04ea00 nmethod 2492 0x000000010a46f610 code [0x000000010a46f800, 0x000000010a46fb28]
Event: 15.716 Thread 0x000000013c04ea00 2493       3       java.util.concurrent.locks.AbstractQueuedSynchronizer$Node::<init> (5 bytes)
Event: 15.716 Thread 0x000000013c04ea00 nmethod 2493 0x000000010a46fc10 code [0x000000010a46fdc0, 0x000000010a46ff68]
Event: 15.725 Thread 0x000000013c04ea00 2494       3       javafx.scene.Parent::prefWidth (89 bytes)

GC Heap History (2 events):
Event: 2.381 GC heap before
{Heap before GC invocations=0 (full 0):
 garbage-first heap   total 266240K, used 24480K [0x0000000700000000, 0x0000000800000000)
  region size 2048K, 11 young (22528K), 0 survivors (0K)
 Metaspace       used 6729K, committed 6976K, reserved 1114112K
  class space    used 817K, committed 960K, reserved 1048576K
}
Event: 2.383 GC heap after
{Heap after GC invocations=1 (full 0):
 garbage-first heap   total 266240K, used 6921K [0x0000000700000000, 0x0000000800000000)
  region size 2048K, 2 young (4096K), 2 survivors (4096K)
 Metaspace       used 6729K, committed 6976K, reserved 1114112K
  class space    used 817K, committed 960K, reserved 1048576K
}

Deoptimization events (20 events):
Event: 9.725 Thread 0x000000012c0e4c00 DEOPT PACKING pc=0x000000010a3b6784 sp=0x0000000172a7c540
Event: 9.725 Thread 0x000000012c0e4c00 DEOPT UNPACKING pc=0x0000000109a46b7c sp=0x0000000172a7c1a0 mode 0
Event: 9.727 Thread 0x000000012c0e4c00 DEOPT PACKING pc=0x000000010a3b6848 sp=0x0000000172a7c540
Event: 9.727 Thread 0x000000012c0e4c00 DEOPT UNPACKING pc=0x0000000109a46b7c sp=0x0000000172a7c1a0 mode 0
Event: 9.727 Thread 0x000000012c0e4c00 DEOPT PACKING pc=0x000000010a3b6848 sp=0x0000000172a7c540
Event: 9.727 Thread 0x000000012c0e4c00 DEOPT UNPACKING pc=0x0000000109a46b7c sp=0x0000000172a7c1a0 mode 0
Event: 10.942 Thread 0x000000012c0e4c00 Uncommon trap: trap_request=0xffffff45 fr.pc=0x00000001115aa2d4 relative=0x0000000000001d94
Event: 10.942 Thread 0x000000012c0e4c00 Uncommon trap: reason=unstable_if action=reinterpret pc=0x00000001115aa2d4 method=com.sun.marlin.Renderer._endRendering(IILcom/sun/marlin/MarlinAlphaConsumer;)V @ 2410 c2
Event: 10.942 Thread 0x000000012c0e4c00 DEOPT PACKING pc=0x00000001115aa2d4 sp=0x0000000172a7cbb0
Event: 10.942 Thread 0x000000012c0e4c00 DEOPT UNPACKING pc=0x0000000109a46d1c sp=0x0000000172a7c9e0 mode 2
Event: 10.945 Thread 0x000000012c0e4c00 Uncommon trap: trap_request=0xffffff45 fr.pc=0x00000001115a0ee0 relative=0x0000000000002720
Event: 10.945 Thread 0x000000012c0e4c00 Uncommon trap: reason=unstable_if action=reinterpret pc=0x00000001115a0ee0 method=com.sun.marlin.Renderer._endRendering(IILcom/sun/marlin/MarlinAlphaConsumer;)V @ 2410 c2
Event: 10.945 Thread 0x000000012c0e4c00 DEOPT PACKING pc=0x00000001115a0ee0 sp=0x0000000172a7cb40
Event: 10.945 Thread 0x000000012c0e4c00 DEOPT UNPACKING pc=0x0000000109a46d1c sp=0x0000000172a7c9e0 mode 2
Event: 10.946 Thread 0x000000012c0e4c00 DEOPT PACKING pc=0x000000010a31829c sp=0x0000000172a7c8d0
Event: 10.946 Thread 0x000000012c0e4c00 DEOPT UNPACKING pc=0x0000000109a46b7c sp=0x0000000172a7c480 mode 0
Event: 11.610 Thread 0x000000012c11d800 DEOPT PACKING pc=0x000000010a3993b8 sp=0x000000016fde3680
Event: 11.610 Thread 0x000000012c11d800 DEOPT UNPACKING pc=0x0000000109a46b7c sp=0x000000016fde3360 mode 3
Event: 14.894 Thread 0x000000012c0e4c00 DEOPT PACKING pc=0x000000010a3f6b30 sp=0x0000000172a7bff0
Event: 14.894 Thread 0x000000012c0e4c00 DEOPT UNPACKING pc=0x0000000109a46b7c sp=0x0000000172a7bbf0 mode 0

Classes loaded (20 events):
Event: 11.029 Loading class java/lang/GridPane
Event: 11.029 Loading class java/lang/GridPane done
Event: 11.029 Loading class java/util/GridPane
Event: 11.029 Loading class java/util/GridPane done
Event: 11.032 Loading class java/lang/Button
Event: 11.032 Loading class java/lang/Button done
Event: 11.032 Loading class java/util/Button
Event: 11.032 Loading class java/util/Button done
Event: 11.035 Loading class java/security/AllPermissionCollection
Event: 11.035 Loading class java/security/AllPermissionCollection done
Event: 11.040 Loading class java/math/BigDecimal
Event: 11.041 Loading class java/math/BigDecimal done
Event: 11.041 Loading class com/sun/org/apache/xerces/internal/impl/XMLStreamReaderImpl$1
Event: 11.041 Loading class javax/xml/stream/Location
Event: 11.041 Loading class javax/xml/stream/Location done
Event: 11.041 Loading class com/sun/org/apache/xerces/internal/impl/XMLStreamReaderImpl$1 done
Event: 11.041 Loading class java/lang/Throwable$WrappedPrintStream
Event: 11.041 Loading class java/lang/Throwable$PrintStreamOrWriter
Event: 11.041 Loading class java/lang/Throwable$PrintStreamOrWriter done
Event: 11.041 Loading class java/lang/Throwable$WrappedPrintStream done

Classes unloaded (0 events):
No events

Classes redefined (0 events):
No events

Internal exceptions (20 events):
Event: 2.426 Thread 0x000000012c11d800 Implicit null exception at 0x00000001114f97f8 to 0x00000001114f9888
Event: 2.433 Thread 0x000000012c11d800 Exception <a 'java/lang/NoSuchMethodError'{0x000000070fb9adc8}: 'java.lang.Object java.lang.invoke.DirectMethodHandle$Holder.invokeInterface(java.lang.Object, java.lang.Object)'> (0x000000070fb9adc8) 
thrown [open/src/hotspot/share/interpreter/linkResolver.cpp, line 766]
Event: 2.465 Thread 0x000000012c11d800 Implicit null exception at 0x0000000111516854 to 0x0000000111516a50
Event: 2.465 Thread 0x000000012c11d800 Implicit null exception at 0x0000000111515654 to 0x0000000111515844
Event: 2.478 Thread 0x000000012c11d800 Exception <a 'java/lang/NoSuchMethodError'{0x000000070f6e77c8}: 'void java.lang.invoke.DirectMethodHandle$Holder.invokeSpecial(java.lang.Object, java.lang.Object, java.lang.Object, java.lang.Object, java.lang.Object)'> (0x000000070f6e77c8) 
thrown [open/src/hotspot/share/interpreter/linkResolver.cpp, line 766]
Event: 2.479 Thread 0x000000012c11d800 Exception <a 'java/lang/NoSuchMethodError'{0x000000070f6f66b0}: 'java.lang.Object java.lang.invoke.DirectMethodHandle$Holder.invokeInterface(java.lang.Object, java.lang.Object, java.lang.Object)'> (0x000000070f6f66b0) 
thrown [open/src/hotspot/share/interpreter/linkResolver.cpp, line 766]
Event: 2.479 Thread 0x000000012c11d800 Exception <a 'java/lang/IncompatibleClassChangeError'{0x000000070f6fa030}: Found class java.lang.Object, but interface was expected> (0x000000070f6fa030) 
thrown [open/src/hotspot/share/interpreter/linkResolver.cpp, line 833]
Event: 2.591 Thread 0x000000012c11d800 Exception <a 'java/lang/NoSuchMethodError'{0x000000070f2a2e08}: 'int java.lang.invoke.DirectMethodHandle$Holder.invokeSpecial(java.lang.Object, java.lang.Object, int)'> (0x000000070f2a2e08) 
thrown [open/src/hotspot/share/interpreter/linkResolver.cpp, line 766]
Event: 2.591 Thread 0x000000012c11d800 Exception <a 'java/lang/NoSuchMethodError'{0x000000070f2aa660}: 'int java.lang.invoke.DirectMethodHandle$Holder.invokeSpecial(java.lang.Object, java.lang.Object, java.lang.Object, int)'> (0x000000070f2aa660) 
thrown [open/src/hotspot/share/interpreter/linkResolver.cpp, line 766]
Event: 2.591 Thread 0x000000012c11d800 Exception <a 'java/lang/NoSuchMethodError'{0x000000070f2b1fc8}: 'int java.lang.invoke.DirectMethodHandle$Holder.invokeSpecial(java.lang.Object, java.lang.Object, java.lang.Object)'> (0x000000070f2b1fc8) 
thrown [open/src/hotspot/share/interpreter/linkResolver.cpp, line 766]
Event: 2.600 Thread 0x000000012c11d800 Exception <a 'java/lang/NoSuchMethodError'{0x000000070f321d70}: 'java.lang.Object java.lang.invoke.DirectMethodHandle$Holder.newInvokeSpecial(java.lang.Object, java.lang.Object, int)'> (0x000000070f321d70) 
thrown [open/src/hotspot/share/interpreter/linkResolver.cpp, line 766]
Event: 2.654 Thread 0x000000012c0e4c00 Exception <a 'java/lang/NoSuchMethodError'{0x000000070f08bfd0}: 'int java.lang.invoke.DirectMethodHandle$Holder.invokeStaticInit(java.lang.Object, java.lang.Object)'> (0x000000070f08bfd0) 
thrown [open/src/hotspot/share/interpreter/linkResolver.cpp, line 766]
Event: 2.742 Thread 0x000000012c0e4c00 Exception <a 'java/lang/NoSuchMethodError'{0x000000070ef1c140}: 'java.lang.Object java.lang.invoke.DirectMethodHandle$Holder.invokeStaticInit(java.lang.Object, int)'> (0x000000070ef1c140) 
thrown [open/src/hotspot/share/interpreter/linkResolver.cpp, line 766]
Event: 4.905 Thread 0x000000012c11d800 Exception <a 'java/lang/NoSuchMethodError'{0x000000070ec66438}: 'long java.lang.invoke.DirectMethodHandle$Holder.invokeStatic(java.lang.Object, java.lang.Object, java.lang.Object)'> (0x000000070ec66438) 
thrown [open/src/hotspot/share/interpreter/linkResolver.cpp, line 766]
Event: 4.906 Thread 0x000000012c11d800 Exception <a 'java/lang/NoSuchMethodError'{0x000000070ec69bd8}: 'long java.lang.invoke.DirectMethodHandle$Holder.invokeStaticInit(java.lang.Object, java.lang.Object, java.lang.Object)'> (0x000000070ec69bd8) 
thrown [open/src/hotspot/share/interpreter/linkResolver.cpp, line 766]
Event: 4.907 Thread 0x000000012c11d800 Exception <a 'java/lang/NoSuchMethodError'{0x000000070ec9a6d8}: 'java.lang.Object java.lang.invoke.DirectMethodHandle$Holder.newInvokeSpecial(java.lang.Object, java.lang.Object, long)'> (0x000000070ec9a6d8) 
thrown [open/src/hotspot/share/interpreter/linkResolver.cpp, line 766]
Event: 4.907 Thread 0x000000012c11d800 Exception <a 'java/lang/NoSuchMethodError'{0x000000070ec9dfa8}: 'java.lang.Object java.lang.invoke.Invokers$Holder.linkToTargetMethod(java.lang.Object, long, java.lang.Object)'> (0x000000070ec9dfa8) 
thrown [open/src/hotspot/share/interpreter/linkResolver.cpp, line 766]
Event: 9.028 Thread 0x000000012c11d800 Exception <a 'java/lang/NoSuchMethodError'{0x000000070eda6de8}: 'java.lang.Object java.lang.invoke.DirectMethodHandle$Holder.newInvokeSpecial(java.lang.Object, java.lang.Object, int, int, int, int, int, java.lang.Object)'> (0x000000070eda6de8) 
thrown [open/src/hotspot/share/interpreter/linkResolver.cpp, line 766]
Event: 9.029 Thread 0x000000012c11d800 Exception <a 'java/lang/NoSuchMethodError'{0x000000070edb9dc8}: 'java.lang.Object java.lang.invoke.DirectMethodHandle$Holder.newInvokeSpecial(java.lang.Object, java.lang.Object, java.lang.Object, int, int, int, int, int)'> (0x000000070edb9dc8) 
thrown [open/src/hotspot/share/interpreter/linkResolver.cpp, line 766]
Event: 9.029 Thread 0x000000012c11d800 Exception <a 'java/lang/NoSuchMethodError'{0x000000070edc1630}: 'java.lang.Object java.lang.invoke.Invokers$Holder.linkToTargetMethod(java.lang.Object, java.lang.Object, int, int, int, int, int, java.lang.Object)'> (0x000000070edc1630) 
thrown [open/src/hotspot/share/interpreter/linkResolver.cpp, line 766]

VM Operations (20 events):
Event: 5.658 Executing VM operation: Cleanup
Event: 5.658 Executing VM operation: Cleanup done
Event: 6.663 Executing VM operation: Cleanup
Event: 6.663 Executing VM operation: Cleanup done
Event: 7.668 Executing VM operation: Cleanup
Event: 7.668 Executing VM operation: Cleanup done
Event: 8.672 Executing VM operation: Cleanup
Event: 8.672 Executing VM operation: Cleanup done
Event: 9.672 Executing VM operation: Cleanup
Event: 9.672 Executing VM operation: Cleanup done
Event: 10.677 Executing VM operation: Cleanup
Event: 10.677 Executing VM operation: Cleanup done
Event: 11.682 Executing VM operation: Cleanup
Event: 11.683 Executing VM operation: Cleanup done
Event: 13.691 Executing VM operation: Cleanup
Event: 13.691 Executing VM operation: Cleanup done
Event: 14.696 Executing VM operation: Cleanup
Event: 14.696 Executing VM operation: Cleanup done
Event: 15.701 Executing VM operation: Cleanup
Event: 15.701 Executing VM operation: Cleanup done

Events (20 events):
Event: 10.056 Protecting memory [0x0000000172ea0000,0x0000000172eac000] with protection modes 3
Event: 10.056 Thread 0x000000013c99b400 Thread exited: 0x000000013c99b400
Event: 10.722 Protecting memory [0x0000000172ea0000,0x0000000172eac000] with protection modes 0
Event: 10.722 Thread 0x000000013c99b400 Thread added: 0x000000013c99b400
Event: 11.889 Protecting memory [0x0000000172ea0000,0x0000000172eac000] with protection modes 3
Event: 11.889 Thread 0x000000013c99b400 Thread exited: 0x000000013c99b400
Event: 13.373 Protecting memory [0x0000000172ea0000,0x0000000172eac000] with protection modes 0
Event: 13.373 Thread 0x000000012c1c8400 Thread added: 0x000000012c1c8400
Event: 13.657 Protecting memory [0x0000000172ea0000,0x0000000172eac000] with protection modes 3
Event: 13.657 Thread 0x000000012c1c8400 Thread exited: 0x000000012c1c8400
Event: 14.323 Protecting memory [0x0000000172ea0000,0x0000000172eac000] with protection modes 0
Event: 14.323 Thread 0x000000012c8fa600 Thread added: 0x000000012c8fa600
Event: 14.607 Protecting memory [0x0000000172ea0000,0x0000000172eac000] with protection modes 3
Event: 14.607 Thread 0x000000012c8fa600 Thread exited: 0x000000012c8fa600
Event: 14.890 Protecting memory [0x0000000172ea0000,0x0000000172eac000] with protection modes 0
Event: 14.890 Thread 0x000000013c99ba00 Thread added: 0x000000013c99ba00
Event: 15.523 Protecting memory [0x0000000172ea0000,0x0000000172eac000] with protection modes 3
Event: 15.523 Thread 0x000000013c99ba00 Thread exited: 0x000000013c99ba00
Event: 15.706 Protecting memory [0x0000000172ea0000,0x0000000172eac000] with protection modes 0
Event: 15.706 Thread 0x000000012c1c8400 Thread added: 0x000000012c1c8400


Dynamic libraries:
0x000000010004c000 	/Users/cyberrose/Library/Java/JavaVirtualMachines/openjdk-18.0.1.1/Contents/Home/lib/libjli.dylib
0x00000001baf6a000 	/usr/lib/libz.1.dylib
0x00000001bb021000 	/usr/lib/libSystem.B.dylib
0x00000001bb01b000 	/usr/lib/system/libcache.dylib
0x00000001bafd9000 	/usr/lib/system/libcommonCrypto.dylib
0x00000001bb002000 	/usr/lib/system/libcompiler_rt.dylib
0x00000001baff9000 	/usr/lib/system/libcopyfile.dylib
0x00000001b0247000 	/usr/lib/system/libcorecrypto.dylib
0x00000001b02fc000 	/usr/lib/system/libdispatch.dylib
0x00000001b04ca000 	/usr/lib/system/libdyld.dylib
0x00000001bb011000 	/usr/lib/system/libkeymgr.dylib
0x00000001bafb4000 	/usr/lib/system/libmacho.dylib
0x00000001ba6a4000 	/usr/lib/system/libquarantine.dylib
0x00000001bb00e000 	/usr/lib/system/libremovefile.dylib
0x00000001b5640000 	/usr/lib/system/libsystem_asl.dylib
0x00000001b01e9000 	/usr/lib/system/libsystem_blocks.dylib
0x00000001b0384000 	/usr/lib/system/libsystem_c.dylib
0x00000001bb006000 	/usr/lib/system/libsystem_collections.dylib
0x00000001b9b39000 	/usr/lib/system/libsystem_configuration.dylib
0x00000001b8d95000 	/usr/lib/system/libsystem_containermanager.dylib
0x00000001bad11000 	/usr/lib/system/libsystem_coreservices.dylib
0x00000001b2bfa000 	/usr/lib/system/libsystem_darwin.dylib
0x00000001bb012000 	/usr/lib/system/libsystem_dnssd.dylib
0x00000001b0381000 	/usr/lib/system/libsystem_featureflags.dylib
0x00000001b04df000 	/usr/lib/system/libsystem_info.dylib
0x00000001baf7c000 	/usr/lib/system/libsystem_m.dylib
0x00000001b02d1000 	/usr/lib/system/libsystem_malloc.dylib
0x00000001b55ce000 	/usr/lib/system/libsystem_networkextension.dylib
0x00000001b3053000 	/usr/lib/system/libsystem_notify.dylib
0x00000001c1374000 	/usr/lib/system/libsystem_product_info_filter.dylib
0x00000001b9b3e000 	/usr/lib/system/libsystem_sandbox.dylib
0x00000001bb00b000 	/usr/lib/system/libsystem_secinit.dylib
0x00000001b0485000 	/usr/lib/system/libsystem_kernel.dylib
0x00000001b04d7000 	/usr/lib/system/libsystem_platform.dylib
0x00000001b04bd000 	/usr/lib/system/libsystem_pthread.dylib
0x00000001b6da0000 	/usr/lib/system/libsystem_symptoms.dylib
0x00000001b022d000 	/usr/lib/system/libsystem_trace.dylib
0x00000001bafe6000 	/usr/lib/system/libunwind.dylib
0x00000001b01eb000 	/usr/lib/system/libxpc.dylib
0x00000001b046d000 	/usr/lib/libc++abi.dylib
0x00000001b0343000 	/usr/lib/libobjc.A.dylib
0x00000001baff1000 	/usr/lib/liboah.dylib
0x00000001b0406000 	/usr/lib/libc++.1.dylib
0x00000001c6e9a000 	/System/Library/Frameworks/Cocoa.framework/Versions/A/Cocoa
0x00000001b30b4000 	/System/Library/Frameworks/AppKit.framework/Versions/C/AppKit
0x00000001b65c7000 	/System/Library/Frameworks/CoreData.framework/Versions/A/CoreData
0x00000001b140f000 	/System/Library/Frameworks/Foundation.framework/Versions/C/Foundation
0x00000001b3f6c000 	/System/Library/PrivateFrameworks/UIFoundation.framework/Versions/A/UIFoundation
0x00000001c106e000 	/System/Library/PrivateFrameworks/RemoteViewServices.framework/Versions/A/RemoteViewServices
0x00000001b94e1000 	/System/Library/PrivateFrameworks/XCTTargetBootstrap.framework/Versions/A/XCTTargetBootstrap
0x00000001bcd61000 	/System/Library/PrivateFrameworks/InternationalSupport.framework/Versions/A/InternationalSupport
0x00000001bcdea000 	/System/Library/PrivateFrameworks/UserActivity.framework/Versions/A/UserActivity
0x00000001bc258000 	/usr/lib/libspindump.dylib
0x00000001b41dd000 	/System/Library/Frameworks/UniformTypeIdentifiers.framework/Versions/A/UniformTypeIdentifiers
0x00000001b7a2b000 	/usr/lib/libapp_launch_measurement.dylib
0x00000001b6f52000 	/System/Library/PrivateFrameworks/CoreAnalytics.framework/Versions/A/CoreAnalytics
0x00000001b7a2e000 	/System/Library/PrivateFrameworks/CoreAutoLayout.framework/Versions/A/CoreAutoLayout
0x00000001b8dd2000 	/System/Library/Frameworks/Metal.framework/Versions/A/Metal
0x00000001b9b49000 	/usr/lib/liblangid.dylib
0x00000001b94e6000 	/System/Library/PrivateFrameworks/CoreSVG.framework/Versions/A/CoreSVG
0x00000001b5674000 	/System/Library/PrivateFrameworks/SkyLight.framework/Versions/A/SkyLight
0x00000001b5a4d000 	/System/Library/Frameworks/CoreGraphics.framework/Versions/A/CoreGraphics
0x00000001c173a000 	/System/Library/Frameworks/Accelerate.framework/Versions/A/Accelerate
0x00000001bbccf000 	/System/Library/PrivateFrameworks/IconServices.framework/Versions/A/IconServices
0x00000001b8db4000 	/System/Library/Frameworks/IOSurface.framework/Versions/A/IOSurface
0x00000001b6f83000 	/usr/lib/libDiagnosticMessagesClient.dylib
0x00000001c4c3b000 	/System/Library/Frameworks/ApplicationServices.framework/Versions/A/ApplicationServices
0x00000001b94c9000 	/System/Library/PrivateFrameworks/DFRFoundation.framework/Versions/A/DFRFoundation
0x00000001b2944000 	/usr/lib/libicucore.A.dylib
0x00000001bdc0e000 	/System/Library/Frameworks/AudioToolbox.framework/Versions/A/AudioToolbox
0x00000001bcd6d000 	/System/Library/PrivateFrameworks/DataDetectorsCore.framework/Versions/A/DataDetectorsCore
0x00000001d3767000 	/System/Library/PrivateFrameworks/TextInput.framework/Versions/A/TextInput
0x00000001b55e9000 	/usr/lib/libMobileGestalt.dylib
0x00000001b9195000 	/System/Library/Frameworks/Carbon.framework/Versions/A/Frameworks/HIToolbox.framework/Versions/A/HIToolbox
0x00000001b7403000 	/System/Library/Frameworks/QuartzCore.framework/Versions/A/QuartzCore
0x00000001b25c5000 	/System/Library/Frameworks/Security.framework/Versions/A/Security
0x00000001c10ae000 	/System/Library/Frameworks/Carbon.framework/Versions/A/Frameworks/SpeechRecognition.framework/Versions/A/SpeechRecognition
0x00000001b7781000 	/System/Library/PrivateFrameworks/CoreUI.framework/Versions/A/CoreUI
0x00000001b1ea1000 	/System/Library/Frameworks/CoreAudio.framework/Versions/A/CoreAudio
0x00000001b7077000 	/System/Library/Frameworks/DiskArbitration.framework/Versions/A/DiskArbitration
0x00000001bc662000 	/System/Library/PrivateFrameworks/MultitouchSupport.framework/Versions/A/MultitouchSupport
0x00000001b55e7000 	/usr/lib/libenergytrace.dylib
0x00000001b2f7c000 	/System/Library/Frameworks/IOKit.framework/Versions/A/IOKit
0x00000001c149d000 	/System/Library/Frameworks/CoreServices.framework/Versions/A/CoreServices
0x00000001b79bb000 	/System/Library/PrivateFrameworks/PerformanceAnalysis.framework/Versions/A/PerformanceAnalysis
0x0000000211b9f000 	/System/Library/Frameworks/OpenGL.framework/Versions/A/OpenGL
0x00000001ba5bc000 	/System/Library/PrivateFrameworks/MobileKeyBag.framework/Versions/A/MobileKeyBag
0x00000001b605b000 	/System/Library/Frameworks/ColorSync.framework/Versions/A/ColorSync
0x00000001b050c000 	/System/Library/Frameworks/CoreFoundation.framework/Versions/A/CoreFoundation
0x00000001b9765000 	/System/Library/Frameworks/CoreImage.framework/Versions/A/CoreImage
0x00000001b1cc5000 	/System/Library/Frameworks/CoreText.framework/Versions/A/CoreText
0x00000001b9516000 	/System/Library/Frameworks/ImageIO.framework/Versions/A/ImageIO
0x00000001bb027000 	/System/Library/PrivateFrameworks/SoftLinking.framework/Versions/A/SoftLinking
0x00000001b7a79000 	/usr/lib/libxml2.2.dylib
0x00000001bb2c0000 	/usr/lib/libcompression.dylib
0x00000001bccbd000 	/System/Library/PrivateFrameworks/TextureIO.framework/Versions/A/TextureIO
0x00000001bb9e8000 	/usr/lib/libate.dylib
0x00000001bb8ad000 	/usr/lib/liblzma.5.dylib
0x00000001b1102000 	/System/Library/Frameworks/SystemConfiguration.framework/Versions/A/SystemConfiguration
0x00000001bb023000 	/usr/lib/libfakelink.dylib
0x00000001b5119000 	/System/Library/Frameworks/CFNetwork.framework/Versions/A/CFNetwork
0x00000001bb169000 	/usr/lib/libarchive.2.dylib
0x00000001b9b45000 	/System/Library/PrivateFrameworks/AppleSystemInfo.framework/Versions/A/AppleSystemInfo
0x00000001ba6cf000 	/usr/lib/libbsm.0.dylib
0x00000001b4686000 	/usr/lib/libnetwork.dylib
0x00000001bafbd000 	/usr/lib/system/libkxld.dylib
0x00000001ba2e9000 	/System/Library/PrivateFrameworks/IOMobileFramebuffer.framework/Versions/A/IOMobileFramebuffer
0x000000022f868000 	/usr/lib/libCoreEntitlements.dylib
0x00000001bacf3000 	/System/Library/PrivateFrameworks/AppleFSCompression.framework/Versions/A/AppleFSCompression
0x00000001ba6b7000 	/usr/lib/libcoretls.dylib
0x00000001bb8c6000 	/usr/lib/libcoretls_cfhelpers.dylib
0x00000001bb2bb000 	/usr/lib/libpam.2.dylib
0x00000001b69b7000 	/usr/lib/libsqlite3.dylib
0x00000001bb92f000 	/usr/lib/libxar.1.dylib
0x00000001bad04000 	/usr/lib/libbz2.1.0.dylib
0x00000001bb028000 	/usr/lib/libpcap.A.dylib
0x00000001b6d97000 	/usr/lib/libdns_services.dylib
0x00000001bb28e000 	/usr/lib/libapple_nghttp2.dylib
0x00000001bb065000 	/usr/lib/libiconv.2.dylib
0x00000001bafb3000 	/usr/lib/libcharset.1.dylib
0x00000001b79f7000 	/System/Library/Frameworks/CoreServices.framework/Versions/A/Frameworks/FSEvents.framework/Versions/A/FSEvents
0x00000001b2c05000 	/System/Library/Frameworks/CoreServices.framework/Versions/A/Frameworks/CarbonCore.framework/Versions/A/CarbonCore
0x00000001b6fd7000 	/System/Library/Frameworks/CoreServices.framework/Versions/A/Frameworks/Metadata.framework/Versions/A/Metadata
0x00000001bad17000 	/System/Library/Frameworks/CoreServices.framework/Versions/A/Frameworks/OSServices.framework/Versions/A/OSServices
0x00000001bb1ef000 	/System/Library/Frameworks/CoreServices.framework/Versions/A/Frameworks/SearchKit.framework/Versions/A/SearchKit
0x00000001b6d26000 	/System/Library/Frameworks/CoreServices.framework/Versions/A/Frameworks/AE.framework/Versions/A/AE
0x00000001b0a53000 	/System/Library/Frameworks/CoreServices.framework/Versions/A/Frameworks/LaunchServices.framework/Versions/A/LaunchServices
0x00000001bb856000 	/System/Library/Frameworks/CoreServices.framework/Versions/A/Frameworks/DictionaryServices.framework/Versions/A/DictionaryServices
0x00000001b7a04000 	/System/Library/Frameworks/CoreServices.framework/Versions/A/Frameworks/SharedFileList.framework/Versions/A/SharedFileList
0x00000001ba6a7000 	/usr/lib/libCheckFix.dylib
0x00000001b5658000 	/System/Library/PrivateFrameworks/TCC.framework/Versions/A/TCC
0x00000001b9b4b000 	/System/Library/PrivateFrameworks/CoreNLP.framework/Versions/A/CoreNLP
0x00000001b6f86000 	/System/Library/PrivateFrameworks/MetadataUtilities.framework/Versions/A/MetadataUtilities
0x00000001b11bc000 	/usr/lib/libmecabra.dylib
0x00000001ba6e0000 	/usr/lib/libmecab.dylib
0x00000001b1188000 	/usr/lib/libCRFSuite.dylib
0x00000001ba73d000 	/usr/lib/libgermantok.dylib
0x00000001bb267000 	/usr/lib/libThaiTokenizer.dylib
0x00000001b707f000 	/System/Library/Frameworks/Accelerate.framework/Versions/A/Frameworks/vImage.framework/Versions/A/vImage
0x00000001c1474000 	/System/Library/Frameworks/Accelerate.framework/Versions/A/Frameworks/vecLib.framework/Versions/A/vecLib
0x00000001bb974000 	/System/Library/Frameworks/Accelerate.framework/Versions/A/Frameworks/vecLib.framework/Versions/A/libvMisc.dylib
0x00000001ba1f0000 	/System/Library/Frameworks/Accelerate.framework/Versions/A/Frameworks/vecLib.framework/Versions/A/libvDSP.dylib
0x00000001b0ddd000 	/System/Library/Frameworks/Accelerate.framework/Versions/A/Frameworks/vecLib.framework/Versions/A/libBLAS.dylib
0x00000001bb391000 	/System/Library/Frameworks/Accelerate.framework/Versions/A/Frameworks/vecLib.framework/Versions/A/libLAPACK.dylib
0x00000001ba740000 	/System/Library/Frameworks/Accelerate.framework/Versions/A/Frameworks/vecLib.framework/Versions/A/libLinearAlgebra.dylib
0x00000001bb2a6000 	/System/Library/Frameworks/Accelerate.framework/Versions/A/Frameworks/vecLib.framework/Versions/A/libSparseBLAS.dylib
0x00000001bb38c000 	/System/Library/Frameworks/Accelerate.framework/Versions/A/Frameworks/vecLib.framework/Versions/A/libQuadrature.dylib
0x00000001b9c44000 	/System/Library/Frameworks/Accelerate.framework/Versions/A/Frameworks/vecLib.framework/Versions/A/libBNNS.dylib
0x00000001b109b000 	/System/Library/Frameworks/Accelerate.framework/Versions/A/Frameworks/vecLib.framework/Versions/A/libSparse.dylib
0x00000001b9c3c000 	/System/Library/PrivateFrameworks/LinguisticData.framework/Versions/A/LinguisticData
0x00000001b1053000 	/System/Library/PrivateFrameworks/Lexicon.framework/Versions/A/Lexicon
0x00000001bb96c000 	/usr/lib/libChineseTokenizer.dylib
0x00000001b1801000 	/System/Library/PrivateFrameworks/LanguageModeling.framework/Versions/A/LanguageModeling
0x00000001bb269000 	/System/Library/PrivateFrameworks/AppleSauce.framework/Versions/A/AppleSauce
0x00000001ba2d6000 	/System/Library/PrivateFrameworks/CoreEmoji.framework/Versions/A/CoreEmoji
0x00000001bb157000 	/usr/lib/libcmph.dylib
0x00000001b79d7000 	/System/Library/Frameworks/OpenDirectory.framework/Versions/A/Frameworks/CFOpenDirectory.framework/Versions/A/CFOpenDirectory
0x00000001b79c7000 	/System/Library/Frameworks/OpenDirectory.framework/Versions/A/OpenDirectory
0x00000001bb8c8000 	/System/Library/PrivateFrameworks/APFS.framework/Versions/A/APFS
0x00000001ba5f7000 	/System/Library/Frameworks/SecurityFoundation.framework/Versions/A/SecurityFoundation
0x00000001bb93e000 	/usr/lib/libutil.dylib
0x00000001b2f3e000 	/System/Library/PrivateFrameworks/CoreServicesStore.framework/Versions/A/CoreServicesStore
0x00000001bb942000 	/usr/lib/libxslt.1.dylib
0x00000001ba68b000 	/System/Library/PrivateFrameworks/BackgroundTaskManagement.framework/Versions/A/BackgroundTaskManagement
0x00000001bcbde000 	/System/Library/Frameworks/ImageIO.framework/Versions/A/Resources/libRadiance.dylib
0x00000001bcbe7000 	/System/Library/Frameworks/ImageIO.framework/Versions/A/Resources/libJPEG.dylib
0x00000001bcb3a000 	/System/Library/Frameworks/ImageIO.framework/Versions/A/Resources/libPng.dylib
0x00000001bcb5c000 	/System/Library/Frameworks/ImageIO.framework/Versions/A/Resources/libTIFF.dylib
0x00000001bcc42000 	/System/Library/Frameworks/ImageIO.framework/Versions/A/Resources/libGIF.dylib
0x00000001bc572000 	/System/Library/Frameworks/ImageIO.framework/Versions/A/Resources/libJP2.dylib
0x00000001bbc94000 	/usr/lib/libexpat.1.dylib
0x00000001bc52d000 	/System/Library/PrivateFrameworks/AppleJPEG.framework/Versions/A/AppleJPEG
0x00000001b9051000 	/System/Library/PrivateFrameworks/FontServices.framework/libFontParser.dylib
0x00000001b6ccb000 	/System/Library/PrivateFrameworks/RunningBoardServices.framework/Versions/A/RunningBoardServices
0x00000001c7570000 	/System/Library/PrivateFrameworks/IOSurfaceAccelerator.framework/Versions/A/IOSurfaceAccelerator
0x00000001bc65e000 	/System/Library/PrivateFrameworks/WatchdogClient.framework/Versions/A/WatchdogClient
0x00000001b1901000 	/System/Library/Frameworks/CoreDisplay.framework/Versions/A/CoreDisplay
0x00000001b8f3b000 	/System/Library/Frameworks/CoreMedia.framework/Versions/A/CoreMedia
0x00000001b8dc8000 	/System/Library/PrivateFrameworks/IOAccelerator.framework/Versions/A/IOAccelerator
0x00000001b7b67000 	/System/Library/Frameworks/CoreVideo.framework/Versions/A/CoreVideo
0x00000001bb2b9000 	/System/Library/Frameworks/MetalPerformanceShaders.framework/Versions/A/MetalPerformanceShaders
0x00000001bc69d000 	/System/Library/Frameworks/VideoToolbox.framework/Versions/A/VideoToolbox
0x00000001b6c0f000 	/System/Library/PrivateFrameworks/BaseBoard.framework/Versions/A/BaseBoard
0x00000001b699d000 	/System/Library/PrivateFrameworks/ProtocolBuffer.framework/Versions/A/ProtocolBuffer
0x00000001bcbd9000 	/System/Library/PrivateFrameworks/GPUWrangler.framework/Versions/A/GPUWrangler
0x00000001bcbb9000 	/System/Library/PrivateFrameworks/IOPresentment.framework/Versions/A/IOPresentment
0x00000001bcbe1000 	/System/Library/PrivateFrameworks/DSExternalDisplay.framework/Versions/A/DSExternalDisplay
0x0000000211b92000 	/System/Library/Frameworks/OpenGL.framework/Versions/A/Libraries/libCoreFSCache.dylib
0x000000021c358000 	/System/Library/PrivateFrameworks/GPUCompiler.framework/Versions/31001/Libraries/libGPUCompilerUtils.dylib
0x00000001bcc47000 	/System/Library/PrivateFrameworks/CMCaptureCore.framework/Versions/A/CMCaptureCore
0x00000001bc245000 	/System/Library/PrivateFrameworks/AppServerSupport.framework/Versions/A/AppServerSupport
0x00000001be4cb000 	/System/Library/PrivateFrameworks/perfdata.framework/Versions/A/perfdata
0x00000001b1a21000 	/System/Library/PrivateFrameworks/AudioToolboxCore.framework/Versions/A/AudioToolboxCore
0x00000001b8f14000 	/System/Library/PrivateFrameworks/caulk.framework/Versions/A/caulk
0x00000001bddc0000 	/usr/lib/libAudioStatistics.dylib
0x00000001cfdbf000 	/System/Library/PrivateFrameworks/SystemPolicy.framework/Versions/A/SystemPolicy
0x00000001be02c000 	/usr/lib/libSMC.dylib
0x00000001c6d78000 	/System/Library/Frameworks/CoreMIDI.framework/Versions/A/CoreMIDI
0x00000001bcb08000 	/usr/lib/libAudioToolboxUtility.dylib
0x00000001cbf2f000 	/System/Library/PrivateFrameworks/OSAServicesClient.framework/Versions/A/OSAServicesClient
0x00000001be4d8000 	/usr/lib/libperfcheck.dylib
0x00000001d08db000 	/usr/lib/libmis.dylib
0x0000000211bf4000 	/System/Library/Frameworks/OpenGL.framework/Versions/A/Libraries/libGLU.dylib
0x0000000211bb3000 	/System/Library/Frameworks/OpenGL.framework/Versions/A/Libraries/libGFXShared.dylib
0x0000000211da0000 	/System/Library/Frameworks/OpenGL.framework/Versions/A/Libraries/libGL.dylib
0x0000000211bbc000 	/System/Library/Frameworks/OpenGL.framework/Versions/A/Libraries/libGLImage.dylib
0x0000000211bb0000 	/System/Library/Frameworks/OpenGL.framework/Versions/A/Libraries/libCVMSPluginSupport.dylib
0x0000000211b99000 	/System/Library/Frameworks/OpenGL.framework/Versions/A/Libraries/libCoreVMClient.dylib
0x00000001b9ac5000 	/System/Library/Frameworks/MetalPerformanceShaders.framework/Versions/A/Frameworks/MPSCore.framework/Versions/A/MPSCore
0x00000001bac66000 	/System/Library/Frameworks/MetalPerformanceShaders.framework/Versions/A/Frameworks/MPSImage.framework/Versions/A/MPSImage
0x00000001ba755000 	/System/Library/Frameworks/MetalPerformanceShaders.framework/Versions/A/Frameworks/MPSNeuralNetwork.framework/Versions/A/MPSNeuralNetwork
0x00000001bab8e000 	/System/Library/Frameworks/MetalPerformanceShaders.framework/Versions/A/Frameworks/MPSMatrix.framework/Versions/A/MPSMatrix
0x00000001ba967000 	/System/Library/Frameworks/MetalPerformanceShaders.framework/Versions/A/Frameworks/MPSRayIntersector.framework/Versions/A/MPSRayIntersector
0x00000001babbf000 	/System/Library/Frameworks/MetalPerformanceShaders.framework/Versions/A/Frameworks/MPSNDArray.framework/Versions/A/MPSNDArray
0x0000000213fbb000 	/System/Library/Frameworks/MetalPerformanceShaders.framework/Versions/A/Frameworks/MPSFunctions.framework/Versions/A/MPSFunctions
0x00000001b0cb4000 	/System/Library/PrivateFrameworks/MetalTools.framework/Versions/A/MetalTools
0x00000001b9b43000 	/System/Library/PrivateFrameworks/AggregateDictionary.framework/Versions/A/AggregateDictionary
0x00000001bba79000 	/usr/lib/libIOReport.dylib
0x00000001c5d95000 	/System/Library/PrivateFrameworks/ASEProcessing.framework/Versions/A/ASEProcessing
0x00000001bbdee000 	/System/Library/PrivateFrameworks/FaceCore.framework/Versions/A/FaceCore
0x00000001bbde0000 	/System/Library/PrivateFrameworks/GraphVisualizer.framework/Versions/A/GraphVisualizer
0x000000021c26f000 	/System/Library/PrivateFrameworks/FontServices.framework/Versions/A/FontServices
0x00000001bc201000 	/System/Library/PrivateFrameworks/OTSVG.framework/Versions/A/OTSVG
0x00000001b7731000 	/System/Library/Frameworks/ApplicationServices.framework/Versions/A/Frameworks/ATS.framework/Versions/A/Resources/libFontRegistry.dylib
0x00000001bc24e000 	/System/Library/PrivateFrameworks/FontServices.framework/libhvf.dylib
0x000000021c270000 	/System/Library/PrivateFrameworks/FontServices.framework/libXTFontStaticRegistryData.dylib
0x0000000211f41000 	/System/Library/Frameworks/OpenCL.framework/Versions/A/OpenCL
0x00000001bbc48000 	/System/Library/PrivateFrameworks/AppleVA.framework/Versions/A/AppleVA
0x00000001bdde8000 	/System/Library/Frameworks/ApplicationServices.framework/Versions/A/Frameworks/ATS.framework/Versions/A/ATS
0x00000001b615a000 	/System/Library/Frameworks/ApplicationServices.framework/Versions/A/Frameworks/HIServices.framework/Versions/A/HIServices
0x00000001bcc51000 	/System/Library/Frameworks/ApplicationServices.framework/Versions/A/Frameworks/PrintCore.framework/Versions/A/PrintCore
0x00000001be17f000 	/System/Library/Frameworks/ApplicationServices.framework/Versions/A/Frameworks/QD.framework/Versions/A/QD
0x00000001be177000 	/System/Library/Frameworks/ApplicationServices.framework/Versions/A/Frameworks/ColorSyncLegacy.framework/Versions/A/ColorSyncLegacy
0x00000001bddd4000 	/System/Library/Frameworks/ApplicationServices.framework/Versions/A/Frameworks/SpeechSynthesis.framework/Versions/A/SpeechSynthesis
0x00000001bcc12000 	/System/Library/Frameworks/ApplicationServices.framework/Versions/A/Frameworks/ATSUI.framework/Versions/A/ATSUI
0x00000001be10c000 	/usr/lib/libcups.2.dylib
0x00000001be4e6000 	/System/Library/Frameworks/Kerberos.framework/Versions/A/Kerberos
0x00000001be4f7000 	/System/Library/Frameworks/GSS.framework/Versions/A/GSS
0x00000001bde58000 	/usr/lib/libresolv.9.dylib
0x00000001bc25d000 	/System/Library/PrivateFrameworks/Heimdal.framework/Versions/A/Heimdal
0x00000001c4fcb000 	/System/Library/Frameworks/Kerberos.framework/Versions/A/Libraries/libHeimdalProxy.dylib
0x00000001b6da9000 	/System/Library/Frameworks/Network.framework/Versions/A/Network
0x00000001bbcaf000 	/usr/lib/libheimdal-asn1.dylib
0x00000001be547000 	/System/Library/PrivateFrameworks/CommonAuth.framework/Versions/A/CommonAuth
0x00000001bdd4e000 	/System/Library/PrivateFrameworks/AudioSession.framework/Versions/A/AudioSession
0x00000001bbd41000 	/System/Library/PrivateFrameworks/MediaExperience.framework/Versions/A/MediaExperience
0x00000001bdbd4000 	/System/Library/PrivateFrameworks/AudioSession.framework/libSessionUtility.dylib
0x00000001be18b000 	/System/Library/PrivateFrameworks/AudioResourceArbitration.framework/Versions/A/AudioResourceArbitration
0x00000001c2351000 	/System/Library/PrivateFrameworks/PowerLog.framework/Versions/A/PowerLog
0x00000001bbcb9000 	/System/Library/PrivateFrameworks/IconFoundation.framework/Versions/A/IconFoundation
0x00000001c109a000 	/System/Library/PrivateFrameworks/SpeechRecognitionCore.framework/Versions/A/SpeechRecognitionCore
0x00000001011c0000 	/Users/cyberrose/Library/Java/JavaVirtualMachines/openjdk-18.0.1.1/Contents/Home/lib/server/libjvm.dylib
0x000000010026c000 	/Users/cyberrose/Library/Java/JavaVirtualMachines/openjdk-18.0.1.1/Contents/Home/lib/libjimage.dylib
0x0000000100298000 	/Users/cyberrose/Library/Java/JavaVirtualMachines/openjdk-18.0.1.1/Contents/Home/lib/libinstrument.dylib
0x00000001002e4000 	/Users/cyberrose/Library/Java/JavaVirtualMachines/openjdk-18.0.1.1/Contents/Home/lib/libjava.dylib
0x00000001002c8000 	/Users/cyberrose/Library/Java/JavaVirtualMachines/openjdk-18.0.1.1/Contents/Home/lib/libzip.dylib
0x0000000100dd8000 	/Users/cyberrose/Library/Java/JavaVirtualMachines/openjdk-18.0.1.1/Contents/Home/lib/libnio.dylib
0x0000000101000000 	/Users/cyberrose/Library/Java/JavaVirtualMachines/openjdk-18.0.1.1/Contents/Home/lib/libnet.dylib
0x0000000100db8000 	/Users/cyberrose/Library/Java/JavaVirtualMachines/openjdk-18.0.1.1/Contents/Home/lib/libextnet.dylib
0x0000000101020000 	/Users/cyberrose/.openjfx/cache/17.0.1/libprism_es2.dylib
0x00000001b2f01000 	/System/Library/PrivateFrameworks/CoreServicesInternal.framework/Versions/A/CoreServicesInternal
0x0000000211daa000 	/System/Library/Frameworks/OpenGL.framework/Versions/A/Resources/GLEngine.bundle/GLEngine
0x0000000211c32000 	/System/Library/Frameworks/OpenGL.framework/Versions/A/Libraries/libGLProgrammability.dylib
0x00000001010d8000 	/System/Library/Extensions/AppleMetalOpenGLRenderer.bundle/Contents/MacOS/AppleMetalOpenGLRenderer
0x0000000211f19000 	/System/Library/Frameworks/OpenGL.framework/Versions/A/Resources/GLRendererFloat.bundle/GLRendererFloat
0x00000001f6e6b000 	/System/Library/Extensions/AGXMetalG13X.bundle/Contents/MacOS/AGXMetalG13X
0x00000001d08f7000 	/System/Library/PrivateFrameworks/GPURawCounter.framework/Versions/A/GPURawCounter
0x00000001cb098000 	/System/Library/PrivateFrameworks/IOGPU.framework/Versions/A/IOGPU
0x000000011bd7c000 	/Users/cyberrose/.openjfx/cache/17.0.1/libglass.dylib
0x00000001c25a9000 	/System/Library/Frameworks/FileProvider.framework/Versions/A/FileProvider
0x00000001b6b77000 	/System/Library/Frameworks/Accounts.framework/Versions/A/Accounts
0x00000001c272d000 	/System/Library/PrivateFrameworks/GenerationalStorage.framework/Versions/A/GenerationalStorage
0x00000001c32f0000 	/System/Library/PrivateFrameworks/CoreSymbolication.framework/Versions/A/CoreSymbolication
0x00000001c2345000 	/System/Library/PrivateFrameworks/SymptomDiagnosticReporter.framework/Versions/A/SymptomDiagnosticReporter
0x00000001b41f1000 	/System/Library/PrivateFrameworks/DesktopServicesPriv.framework/Versions/A/DesktopServicesPriv
0x00000001b3063000 	/usr/lib/libsandbox.1.dylib
0x00000001b7bf5000 	/System/Library/PrivateFrameworks/UserManagement.framework/Versions/A/UserManagement
0x00000001c32ad000 	/System/Library/PrivateFrameworks/DebugSymbols.framework/Versions/A/DebugSymbols
0x00000001be16a000 	/System/Library/PrivateFrameworks/NetAuth.framework/Versions/A/NetAuth
0x00000001bf08b000 	/System/Library/PrivateFrameworks/Sharing.framework/Versions/A/Sharing
0x00000001b7bc5000 	/System/Library/PrivateFrameworks/login.framework/Versions/A/Frameworks/loginsupport.framework/Versions/A/loginsupport
0x00000001c44e2000 	/System/Library/PrivateFrameworks/Apple80211.framework/Versions/A/Apple80211
0x00000001bad4a000 	/System/Library/PrivateFrameworks/AuthKit.framework/Versions/A/AuthKit
0x00000001ba3d2000 	/System/Library/PrivateFrameworks/CoreUtils.framework/Versions/A/CoreUtils
0x00000001ba2f5000 	/System/Library/Frameworks/CoreWLAN.framework/Versions/A/CoreWLAN
0x00000001bf1fb000 	/System/Library/Frameworks/IOBluetooth.framework/Versions/A/IOBluetooth
0x00000001c4542000 	/System/Library/PrivateFrameworks/CoreWiFi.framework/Versions/A/CoreWiFi
0x00000001c2e8d000 	/System/Library/PrivateFrameworks/FrontBoardServices.framework/Versions/A/FrontBoardServices
0x00000001c2f25000 	/System/Library/PrivateFrameworks/BoardServices.framework/Versions/A/BoardServices
0x00000001ba5e5000 	/System/Library/PrivateFrameworks/AssertionServices.framework/Versions/A/AssertionServices
0x00000001c46bf000 	/System/Library/PrivateFrameworks/BackBoardServices.framework/Versions/A/BackBoardServices
0x00000001be5de000 	/System/Library/PrivateFrameworks/CorePhoneNumbers.framework/Versions/A/CorePhoneNumbers
0x00000001bde85000 	/System/Library/PrivateFrameworks/MultiverseSupport.framework/Versions/A/MultiverseSupport
0x00000001c4940000 	/System/Library/PrivateFrameworks/RemoteServiceDiscovery.framework/Versions/A/RemoteServiceDiscovery
0x00000001c2475000 	/System/Library/PrivateFrameworks/DiskManagement.framework/Versions/A/DiskManagement
0x00000001c2378000 	/System/Library/PrivateFrameworks/AppleIDAuthSupport.framework/Versions/A/AppleIDAuthSupport
0x00000002167f7000 	/System/Library/PrivateFrameworks/AAAFoundation.framework/Versions/A/AAAFoundation
0x00000001be5bd000 	/System/Library/PrivateFrameworks/KeychainCircle.framework/Versions/A/KeychainCircle
0x00000001c4950000 	/System/Library/PrivateFrameworks/RemoteXPC.framework/Versions/A/RemoteXPC
0x00000001c2441000 	/System/Library/PrivateFrameworks/MediaKit.framework/Versions/A/MediaKit
0x00000001c2385000 	/System/Library/Frameworks/DiscRecording.framework/Versions/A/DiscRecording
0x00000001bbbc4000 	/usr/lib/libCoreStorage.dylib
0x00000001c49bc000 	/usr/lib/libcsfde.dylib
0x00000001bf2d0000 	/System/Library/PrivateFrameworks/ProtectedCloudStorage.framework/Versions/A/ProtectedCloudStorage
0x00000001c49b4000 	/System/Library/PrivateFrameworks/EFILogin.framework/Versions/A/EFILogin
0x00000001c2754000 	/System/Library/PrivateFrameworks/OctagonTrust.framework/Versions/A/OctagonTrust
0x000000021b3f6000 	/System/Library/PrivateFrameworks/CoreUtilsExtras.framework/Versions/A/CoreUtilsExtras
0x00000001c22aa000 	/System/Library/Frameworks/CoreBluetooth.framework/Versions/A/CoreBluetooth
0x00000001c5050000 	/System/Library/Frameworks/AudioUnit.framework/Versions/A/AudioUnit
0x00000001bbbbc000 	/usr/lib/libMatch.1.dylib
0x00000001d4ddd000 	/System/Library/Frameworks/Accelerate.framework/Versions/A/Frameworks/vImage.framework/Versions/A/Libraries/libCGInterfaces.dylib
0x000000011efec000 	/usr/lib/libobjc-trampolines.dylib
0x000000022f9c5000 	/usr/lib/libRosetta.dylib
0x00000001b78bf000 	/System/Library/PrivateFrameworks/ViewBridge.framework/Versions/A/ViewBridge
0x000000012a78c000 	/Users/cyberrose/.openjfx/cache/17.0.1/libjavafx_font.dylib
0x00000001bc320000 	/System/Library/PrivateFrameworks/login.framework/Versions/A/login


VM Arguments:
jvm_args: -javaagent:/Applications/IntelliJ IDEA.app/Contents/lib/idea_rt.jar=55524:/Applications/IntelliJ IDEA.app/Contents/bin -Dfile.encoding=UTF-8 
java_command: Main
java_class_path (initial): /Users/cyberrose/Documents/project-group-01-amnam 7/target/classes:/Users/cyberrose/.m2/repository/org/openjfx/javafx-controls/17.0.1/javafx-controls-17.0.1.jar:/Users/cyberrose/.m2/repository/org/openjfx/javafx-controls/17.0.1/javafx-controls-17.0.1-mac-aarch64.jar:/Users/cyberrose/.m2/repository/org/openjfx/javafx-graphics/17.0.1/javafx-graphics-17.0.1.jar:/Users/cyberrose/.m2/repository/org/openjfx/javafx-graphics/17.0.1/javafx-graphics-17.0.1-mac-aarch64.jar:/Users/cyberrose/.m2/repository/org/openjfx/javafx-base/17.0.1/javafx-base-17.0.1.jar:/Users/cyberrose/.m2/repository/org/openjfx/javafx-base/17.0.1/javafx-base-17.0.1-mac-aarch64.jar:/Users/cyberrose/.m2/repository/org/openjfx/javafx-fxml/11.0.1/javafx-fxml-11.0.1.jar:/Users/cyberrose/.m2/repository/org/openjfx/javafx-fxml/11.0.1/javafx-fxml-11.0.1-mac.jar:/Users/cyberrose/.m2/repository/org/junit/jupiter/junit-jupiter-api/5.8.1/junit-jupiter-api-5.8.1.jar:/Users/cyberrose/.m2/repository/org/opentest4j/opentest4j/1.2.0/opentest4j-1.2.0.jar:/Users/cyberrose/.m2/repository/org/junit/platform/junit-platform-commons/1.8.1/junit-platform-commons-1.8.1.jar:/Users/cyberrose/.m2/repository/org/apiguardian/apiguardian-api/1.1.2/apiguardian-api-1.1.2.jar:/Users/cyberrose/.m2/repository/org/mockito/mockito-inline/4.0.0/mockito-inline-4.0.0.jar:/Users/cyberrose/.m2/repository/org/mockito/mockito-core/4.0.0/mockito-core-4.0.0.jar:/Users/cyberrose/.m2/repository/net/bytebuddy/byte-buddy/1.11.19/byte-buddy-1.11.19.jar:/Users/cyberrose/.m2/repository/net/bytebuddy/byte-buddy-agent/1.11.19/byte-buddy-agent-1.11.19.jar:/Users/cyberrose/.m2/repository/org/objenesis/objenesis/3.2/objenesis-3.2.jar:/Users/cyberrose/.m2/repository/com/google/code/gson/gson/2.9.0/gson-2.9.0.jar:/Users/cyberrose/.m2/repository/com/raylabz/opensimplex/1.0.3/opensimplex-1.0.3.jar
Launcher Type: SUN_STANDARD

[Global flags]
     intx CICompilerCount                          = 4                                         {product} {ergonomic}
     uint ConcGCThreads                            = 2                                         {product} {ergonomic}
     uint G1ConcRefinementThreads                  = 9                                         {product} {ergonomic}
   size_t G1HeapRegionSize                         = 2097152                                   {product} {ergonomic}
    uintx GCDrainStackTargetSize                   = 64                                        {product} {ergonomic}
   size_t InitialHeapSize                          = 268435456                                 {product} {ergonomic}
   size_t MarkStackSize                            = 4194304                                   {product} {ergonomic}
   size_t MaxHeapSize                              = 4294967296                                {product} {ergonomic}
   size_t MaxNewSize                               = 2575302656                                {product} {ergonomic}
   size_t MinHeapDeltaBytes                        = 2097152                                   {product} {ergonomic}
   size_t MinHeapSize                              = 8388608                                   {product} {ergonomic}
    uintx NonNMethodCodeHeapSize                   = 5839564                                {pd product} {ergonomic}
    uintx NonProfiledCodeHeapSize                  = 122909338                              {pd product} {ergonomic}
    uintx ProfiledCodeHeapSize                     = 122909338                              {pd product} {ergonomic}
    uintx ReservedCodeCacheSize                    = 251658240                              {pd product} {ergonomic}
     bool SegmentedCodeCache                       = true                                      {product} {ergonomic}
   size_t SoftMaxHeapSize                          = 4294967296                             {manageable} {ergonomic}
     bool UseCompressedClassPointers               = true                           {product lp64_product} {ergonomic}
     bool UseCompressedOops                        = true                           {product lp64_product} {ergonomic}
     bool UseG1GC                                  = true                                      {product} {ergonomic}
     bool UseNUMA                                  = false                                     {product} {ergonomic}
     bool UseNUMAInterleaving                      = false                                     {product} {ergonomic}

Logging:
Log output configuration:
 #0: stdout all=warning uptime,level,tags foldmultilines=false
 #1: stderr all=off uptime,level,tags foldmultilines=false

Environment Variables:
PATH=/opt/homebrew/bin:/opt/homebrew/sbin:/usr/local/bin:/usr/bin:/bin:/usr/sbin:/sbin:/Applications/VMware Fusion Tech Preview.app/Contents/Public:/Library/TeX/texbin:/Library/Apple/usr/bin
SHELL=/bin/zsh
LC_CTYPE=en_US.UTF-8

Signal Handlers:
   SIGSEGV: _ZL13crash_handleriP9__siginfoPv in libjvm.dylib, mask=11100110000111110111111111111111, flags=SA_RESTART|SA_SIGINFO
    SIGBUS: _ZL13crash_handleriP9__siginfoPv in libjvm.dylib, mask=11100110000111110111111111111111, flags=SA_RESTART|SA_SIGINFO
    SIGFPE: _ZL13crash_handleriP9__siginfoPv in libjvm.dylib, mask=11100110000111110111111111111111, flags=SA_RESTART|SA_SIGINFO
   SIGPIPE: _ZL17javaSignalHandleriP9__siginfoPv in libjvm.dylib, mask=11100110000111110111111111111111, flags=SA_RESTART|SA_SIGINFO
   SIGXFSZ: _ZL17javaSignalHandleriP9__siginfoPv in libjvm.dylib, mask=11100110000111110111111111111111, flags=SA_RESTART|SA_SIGINFO
    SIGILL: _ZL13crash_handleriP9__siginfoPv in libjvm.dylib, mask=11100110000111110111111111111111, flags=SA_RESTART|SA_SIGINFO
   SIGUSR2: _ZL10SR_handleriP9__siginfoP17__darwin_ucontext in libjvm.dylib, mask=00100000000000000000000000000000, flags=SA_RESTART|SA_SIGINFO
    SIGHUP: _ZL11UserHandleriPvS_ in libjvm.dylib, mask=11100110000111110111111111111111, flags=SA_RESTART|SA_SIGINFO
    SIGINT: _ZL11UserHandleriPvS_ in libjvm.dylib, mask=11100110000111110111111111111111, flags=SA_RESTART|SA_SIGINFO
   SIGTERM: _ZL11UserHandleriPvS_ in libjvm.dylib, mask=11100110000111110111111111111111, flags=SA_RESTART|SA_SIGINFO
   SIGQUIT: _ZL11UserHandleriPvS_ in libjvm.dylib, mask=11100110000111110111111111111111, flags=SA_RESTART|SA_SIGINFO
   SIGTRAP: _ZL13crash_handleriP9__siginfoPv in libjvm.dylib, mask=11100110000111110111111111111111, flags=SA_RESTART|SA_SIGINFO


---------------  S Y S T E M  ---------------

OS:
uname: Darwin 21.5.0 Darwin Kernel Version 21.5.0: Tue Apr 26 21:08:37 PDT 2022; root:xnu-8020.121.3~4/RELEASE_ARM64_T6000 arm64
OS uptime: 2 days 2:49 hours
rlimit (soft/hard): STACK 8176k/65520k , CORE 0k/infinity , NPROC 2666/4000 , NOFILE 10240/infinity , AS infinity/infinity , CPU infinity/infinity , DATA infinity/infinity , FSIZE infinity/infinity , MEMLOCK infinity/infinity , RSS infinity/infinity
load average: 4.14 2.52 1.96

CPU: total 10 (initial active 10) 0x61:0x0:0x1b588bb3:0, fp, simd, aes, pmull, crc, lse

Memory: 16k page, physical 16777216k(181952k free), swap 0k(0k free)

vm_info: OpenJDK 64-Bit Server VM (18.0.1.1+2-6) for bsd-aarch64 JRE (18.0.1.1+2-6), built on Apr 25 2022 20:45:35 by "mach5one" with clang Apple LLVM 12.0.0 (clang-1200.0.32.29)

END.
